kotlin version: 2.0.21
error message: org.jetbrains.kotlin.backend.common.BackendException: Backend Internal error: Exception during IR lowering
File being compiled: D:/AndroidStudioProjects/GitHub/PlantKnow/app/src/main/java/com/hailong/plantknow/MainActivity.kt
The root cause java.lang.RuntimeException was thrown at: org.jetbrains.kotlin.backend.jvm.codegen.FunctionCodegen.generate(FunctionCodegen.kt:47)
	at org.jetbrains.kotlin.backend.common.CodegenUtil.reportBackendException(CodegenUtil.kt:253)
	at org.jetbrains.kotlin.backend.common.CodegenUtil.reportBackendException$default(CodegenUtil.kt:236)
	at org.jetbrains.kotlin.backend.common.phaser.PerformByIrFilePhase.invokeSequential(performByIrFile.kt:65)
	at org.jetbrains.kotlin.backend.common.phaser.PerformByIrFilePhase.invoke(performByIrFile.kt:52)
	at org.jetbrains.kotlin.backend.common.phaser.PerformByIrFilePhase.invoke(performByIrFile.kt:38)
	at org.jetbrains.kotlin.backend.common.phaser.NamedCompilerPhase.phaseBody(CompilerPhase.kt:166)
	at org.jetbrains.kotlin.backend.common.phaser.AbstractNamedCompilerPhase.invoke(CompilerPhase.kt:113)
	at org.jetbrains.kotlin.backend.common.phaser.CompositePhase.invoke(PhaseBuilders.kt:27)
	at org.jetbrains.kotlin.backend.common.phaser.CompositePhase.invoke(PhaseBuilders.kt:14)
	at org.jetbrains.kotlin.backend.common.phaser.NamedCompilerPhase.phaseBody(CompilerPhase.kt:166)
	at org.jetbrains.kotlin.backend.common.phaser.AbstractNamedCompilerPhase.invoke(CompilerPhase.kt:113)
	at org.jetbrains.kotlin.backend.common.phaser.CompilerPhaseKt.invokeToplevel(CompilerPhase.kt:62)
	at org.jetbrains.kotlin.backend.jvm.JvmIrCodegenFactory.invokeCodegen(JvmIrCodegenFactory.kt:371)
	at org.jetbrains.kotlin.codegen.CodegenFactory.generateModule(CodegenFactory.kt:47)
	at org.jetbrains.kotlin.backend.jvm.JvmIrCodegenFactory.generateModuleInFrontendIRMode(JvmIrCodegenFactory.kt:433)
	at org.jetbrains.kotlin.cli.jvm.compiler.pipeline.JvmCompilerPipelineKt.generateCodeFromIr(jvmCompilerPipeline.kt:246)
	at org.jetbrains.kotlin.cli.jvm.compiler.pipeline.JvmCompilerPipelineKt.compileModulesUsingFrontendIrAndLightTree(jvmCompilerPipeline.kt:142)
	at org.jetbrains.kotlin.cli.jvm.K2JVMCompiler.doExecute(K2JVMCompiler.kt:148)
	at org.jetbrains.kotlin.cli.jvm.K2JVMCompiler.doExecute(K2JVMCompiler.kt:43)
	at org.jetbrains.kotlin.cli.common.CLICompiler.execImpl(CLICompiler.kt:103)
	at org.jetbrains.kotlin.cli.common.CLICompiler.execImpl(CLICompiler.kt:49)
	at org.jetbrains.kotlin.cli.common.CLITool.exec(CLITool.kt:101)
	at org.jetbrains.kotlin.incremental.IncrementalJvmCompilerRunner.runCompiler(IncrementalJvmCompilerRunner.kt:464)
	at org.jetbrains.kotlin.incremental.IncrementalJvmCompilerRunner.runCompiler(IncrementalJvmCompilerRunner.kt:73)
	at org.jetbrains.kotlin.incremental.IncrementalCompilerRunner.doCompile(IncrementalCompilerRunner.kt:506)
	at org.jetbrains.kotlin.incremental.IncrementalCompilerRunner.compileImpl(IncrementalCompilerRunner.kt:423)
	at org.jetbrains.kotlin.incremental.IncrementalCompilerRunner.tryCompileIncrementally$lambda$9$compile(IncrementalCompilerRunner.kt:249)
	at org.jetbrains.kotlin.incremental.IncrementalCompilerRunner.tryCompileIncrementally(IncrementalCompilerRunner.kt:267)
	at org.jetbrains.kotlin.incremental.IncrementalCompilerRunner.compile(IncrementalCompilerRunner.kt:120)
	at org.jetbrains.kotlin.daemon.CompileServiceImplBase.execIncrementalCompiler(CompileServiceImpl.kt:675)
	at org.jetbrains.kotlin.daemon.CompileServiceImplBase.access$execIncrementalCompiler(CompileServiceImpl.kt:92)
	at org.jetbrains.kotlin.daemon.CompileServiceImpl.compile(CompileServiceImpl.kt:1660)
	at java.base/jdk.internal.reflect.NativeMethodAccessorImpl.invoke0(Native Method)
	at java.base/jdk.internal.reflect.NativeMethodAccessorImpl.invoke(NativeMethodAccessorImpl.java:77)
	at java.base/jdk.internal.reflect.DelegatingMethodAccessorImpl.invoke(DelegatingMethodAccessorImpl.java:43)
	at java.base/java.lang.reflect.Method.invoke(Method.java:568)
	at java.rmi/sun.rmi.server.UnicastServerRef.dispatch(UnicastServerRef.java:360)
	at java.rmi/sun.rmi.transport.Transport$1.run(Transport.java:200)
	at java.rmi/sun.rmi.transport.Transport$1.run(Transport.java:197)
	at java.base/java.security.AccessController.doPrivileged(AccessController.java:712)
	at java.rmi/sun.rmi.transport.Transport.serviceCall(Transport.java:196)
	at java.rmi/sun.rmi.transport.tcp.TCPTransport.handleMessages(TCPTransport.java:587)
	at java.rmi/sun.rmi.transport.tcp.TCPTransport$ConnectionHandler.run0(TCPTransport.java:828)
	at java.rmi/sun.rmi.transport.tcp.TCPTransport$ConnectionHandler.lambda$run$0(TCPTransport.java:705)
	at java.base/java.security.AccessController.doPrivileged(AccessController.java:399)
	at java.rmi/sun.rmi.transport.tcp.TCPTransport$ConnectionHandler.run(TCPTransport.java:704)
	at java.base/java.util.concurrent.ThreadPoolExecutor.runWorker(ThreadPoolExecutor.java:1136)
	at java.base/java.util.concurrent.ThreadPoolExecutor$Worker.run(ThreadPoolExecutor.java:635)
	at java.base/java.lang.Thread.run(Thread.java:842)
Caused by: java.lang.RuntimeException: Exception while generating code for:
FUN name:AppContent visibility:public modality:FINAL <> () returnType:kotlin.Unit
  annotations:
    Composable
  BLOCK_BODY
    VAR PROPERTY_DELEGATE name:showSplash$delegate type:androidx.compose.runtime.MutableState<kotlin.Boolean> [val]
      CALL 'public final fun remember <T> (calculation: @[DisallowComposableCalls] kotlin.Function0<T of androidx.compose.runtime.ComposablesKt.remember>): T of androidx.compose.runtime.ComposablesKt.remember [inline] declared in androidx.compose.runtime.ComposablesKt' type=androidx.compose.runtime.MutableState<kotlin.Boolean> origin=null
        <T>: androidx.compose.runtime.MutableState<kotlin.Boolean>
        calculation: BLOCK type=kotlin.Function0<androidx.compose.runtime.MutableState<kotlin.Boolean>> origin=LAMBDA
          COMPOSITE type=kotlin.Unit origin=null
          FUNCTION_REFERENCE 'private final fun AppContent$lambda$0 (): androidx.compose.runtime.MutableState<kotlin.Boolean> declared in com.hailong.plantknow.MainActivityKt' type=kotlin.Function0<androidx.compose.runtime.MutableState<kotlin.Boolean>> origin=INLINE_LAMBDA reflectionTarget=null
    VAR name:splashAlpha type:androidx.compose.animation.core.Animatable<kotlin.Float, androidx.compose.animation.core.AnimationVector1D> [val]
      CALL 'public final fun remember <T> (calculation: @[DisallowComposableCalls] kotlin.Function0<T of androidx.compose.runtime.ComposablesKt.remember>): T of androidx.compose.runtime.ComposablesKt.remember [inline] declared in androidx.compose.runtime.ComposablesKt' type=androidx.compose.animation.core.Animatable<kotlin.Float, androidx.compose.animation.core.AnimationVector1D> origin=null
        <T>: androidx.compose.animation.core.Animatable<kotlin.Float, androidx.compose.animation.core.AnimationVector1D>
        calculation: BLOCK type=kotlin.Function0<androidx.compose.animation.core.Animatable<kotlin.Float, androidx.compose.animation.core.AnimationVector1D>> origin=LAMBDA
          COMPOSITE type=kotlin.Unit origin=null
          FUNCTION_REFERENCE 'private final fun AppContent$lambda$3 (): androidx.compose.animation.core.Animatable<kotlin.Float, androidx.compose.animation.core.AnimationVector1D> declared in com.hailong.plantknow.MainActivityKt' type=kotlin.Function0<androidx.compose.animation.core.Animatable<kotlin.Float, androidx.compose.animation.core.AnimationVector1D>> origin=INLINE_LAMBDA reflectionTarget=null
    VAR name:mainScreenAlpha type:androidx.compose.animation.core.Animatable<kotlin.Float, androidx.compose.animation.core.AnimationVector1D> [val]
      CALL 'public final fun remember <T> (calculation: @[DisallowComposableCalls] kotlin.Function0<T of androidx.compose.runtime.ComposablesKt.remember>): T of androidx.compose.runtime.ComposablesKt.remember [inline] declared in androidx.compose.runtime.ComposablesKt' type=androidx.compose.animation.core.Animatable<kotlin.Float, androidx.compose.animation.core.AnimationVector1D> origin=null
        <T>: androidx.compose.animation.core.Animatable<kotlin.Float, androidx.compose.animation.core.AnimationVector1D>
        calculation: BLOCK type=kotlin.Function0<androidx.compose.animation.core.Animatable<kotlin.Float, androidx.compose.animation.core.AnimationVector1D>> origin=LAMBDA
          COMPOSITE type=kotlin.Unit origin=null
          FUNCTION_REFERENCE 'private final fun AppContent$lambda$4 (): androidx.compose.animation.core.Animatable<kotlin.Float, androidx.compose.animation.core.AnimationVector1D> declared in com.hailong.plantknow.MainActivityKt' type=kotlin.Function0<androidx.compose.animation.core.Animatable<kotlin.Float, androidx.compose.animation.core.AnimationVector1D>> origin=INLINE_LAMBDA reflectionTarget=null
    VAR name:backgroundColor type:androidx.compose.ui.graphics.Color [val]
      CALL 'public final fun Color (color: kotlin.Long): androidx.compose.ui.graphics.Color declared in androidx.compose.ui.graphics.ColorKt' type=androidx.compose.ui.graphics.Color origin=null
        color: CONST Long type=kotlin.Long value=4293521656
    VAR PROPERTY_DELEGATE name:isMainScreenReady$delegate type:androidx.compose.runtime.MutableState<kotlin.Boolean> [val]
      CALL 'public final fun remember <T> (calculation: @[DisallowComposableCalls] kotlin.Function0<T of androidx.compose.runtime.ComposablesKt.remember>): T of androidx.compose.runtime.ComposablesKt.remember [inline] declared in androidx.compose.runtime.ComposablesKt' type=androidx.compose.runtime.MutableState<kotlin.Boolean> origin=null
        <T>: androidx.compose.runtime.MutableState<kotlin.Boolean>
        calculation: BLOCK type=kotlin.Function0<androidx.compose.runtime.MutableState<kotlin.Boolean>> origin=LAMBDA
          COMPOSITE type=kotlin.Unit origin=null
          FUNCTION_REFERENCE 'private final fun AppContent$lambda$5 (): androidx.compose.runtime.MutableState<kotlin.Boolean> declared in com.hailong.plantknow.MainActivityKt' type=kotlin.Function0<androidx.compose.runtime.MutableState<kotlin.Boolean>> origin=INLINE_LAMBDA reflectionTarget=null
    CALL 'public final fun LaunchedEffect (key1: kotlin.Any?, block: @[ExtensionFunctionType] kotlin.coroutines.SuspendFunction1<kotlinx.coroutines.CoroutineScope, kotlin.Unit>): kotlin.Unit declared in androidx.compose.runtime.EffectsKt' type=kotlin.Unit origin=null
      key1: GET_FIELD 'FIELD FIELD_FOR_OBJECT_INSTANCE name:INSTANCE type:kotlin.Unit visibility:public [final,static] declared in kotlin.Unit' type=kotlin.Unit origin=null
      block: BLOCK type=com.hailong.plantknow.MainActivityKt.AppContent.<no name provided> origin=null
        CLASS SUSPEND_LAMBDA CLASS name:<no name provided> modality:FINAL visibility:public/*package*/ superTypes:[kotlin.coroutines.jvm.internal.SuspendLambda; kotlin.jvm.functions.Function2<kotlinx.coroutines.CoroutineScope, kotlin.coroutines.Continuation<kotlin.Unit>?, kotlin.Any?>]
          $this: VALUE_PARAMETER INSTANCE_RECEIVER name:<this> type:com.hailong.plantknow.MainActivityKt.AppContent.<no name provided>
          FIELD name:label type:kotlin.Int visibility:public/*package*/
          CONSTRUCTOR SUSPEND_LAMBDA visibility:public/*package*/ <> ($isMainScreenReady$delegate:androidx.compose.runtime.MutableState<kotlin.Boolean>, $completion:kotlin.coroutines.Continuation<com.hailong.plantknow.MainActivityKt.AppContent.<no name provided>>?) returnType:com.hailong.plantknow.MainActivityKt.AppContent.<no name provided> [primary]
            VALUE_PARAMETER BOUND_VALUE_PARAMETER name:$isMainScreenReady$delegate index:0 type:androidx.compose.runtime.MutableState<kotlin.Boolean>
            VALUE_PARAMETER name:$completion index:1 type:kotlin.coroutines.Continuation<com.hailong.plantknow.MainActivityKt.AppContent.<no name provided>>?
            BLOCK_BODY
              SET_FIELD 'FIELD FIELD_FOR_CAPTURED_VALUE name:$isMainScreenReady$delegate type:androidx.compose.runtime.MutableState<kotlin.Boolean> visibility:public/*package*/ [final] declared in com.hailong.plantknow.MainActivityKt.AppContent.<no name provided>' type=kotlin.Unit origin=INITIALIZER_OF_FIELD_FOR_CAPTURED_VALUE
                receiver: GET_VAR '<this>: com.hailong.plantknow.MainActivityKt.AppContent.<no name provided> declared in com.hailong.plantknow.MainActivityKt.AppContent.<no name provided>' type=com.hailong.plantknow.MainActivityKt.AppContent.<no name provided> origin=null
                value: GET_VAR '$isMainScreenReady$delegate: androidx.compose.runtime.MutableState<kotlin.Boolean> declared in com.hailong.plantknow.MainActivityKt.AppContent.<no name provided>.<init>' type=androidx.compose.runtime.MutableState<kotlin.Boolean> origin=null
              DELEGATING_CONSTRUCTOR_CALL 'public constructor <init> (arity: kotlin.Int, $completion: kotlin.coroutines.Continuation<kotlin.Any?>?) declared in kotlin.coroutines.jvm.internal.SuspendLambda'
                arity: CONST Int type=kotlin.Int value=2
                $completion: GET_VAR '$completion: kotlin.coroutines.Continuation<com.hailong.plantknow.MainActivityKt.AppContent.<no name provided>>? declared in com.hailong.plantknow.MainActivityKt.AppContent.<no name provided>.<init>' type=kotlin.coroutines.Continuation<com.hailong.plantknow.MainActivityKt.AppContent.<no name provided>>? origin=null
              BLOCK type=kotlin.Unit origin=null
          FUN name:invokeSuspend visibility:public modality:FINAL <> ($this:com.hailong.plantknow.MainActivityKt.AppContent.<no name provided>, $result:kotlin.Result<kotlin.Any?>) returnType:kotlin.Any?
            overridden:
              protected abstract fun invokeSuspend ($result: kotlin.Result<kotlin.Any?>): kotlin.Any? declared in kotlin.coroutines.jvm.internal.SuspendLambda
            $this: VALUE_PARAMETER INSTANCE_RECEIVER name:<this> type:com.hailong.plantknow.MainActivityKt.AppContent.<no name provided>
            VALUE_PARAMETER name:$result index:0 type:kotlin.Result<kotlin.Any?>
            BLOCK_BODY
              CALL 'public final fun access$AppContent$lambda$7 ($isMainScreenReady$delegate: androidx.compose.runtime.MutableState<kotlin.Boolean>, <set-?>: kotlin.Boolean): kotlin.Unit declared in com.hailong.plantknow.MainActivityKt' type=kotlin.Unit origin=EQ
                $isMainScreenReady$delegate: GET_FIELD 'FIELD FIELD_FOR_CAPTURED_VALUE name:$isMainScreenReady$delegate type:androidx.compose.runtime.MutableState<kotlin.Boolean> visibility:public/*package*/ [final] declared in com.hailong.plantknow.MainActivityKt.AppContent.<no name provided>' type=androidx.compose.runtime.MutableState<kotlin.Boolean> origin=null
                  receiver: GET_VAR '<this>: com.hailong.plantknow.MainActivityKt.AppContent.<no name provided> declared in com.hailong.plantknow.MainActivityKt.AppContent.<no name provided>.invokeSuspend' type=com.hailong.plantknow.MainActivityKt.AppContent.<no name provided> origin=null
                <set-?>: CONST Boolean type=kotlin.Boolean value=true
          FUN name:create visibility:public modality:FINAL <> ($this:com.hailong.plantknow.MainActivityKt.AppContent.<no name provided>, value:kotlin.Any?, $completion:kotlin.coroutines.Continuation<kotlin.Nothing>) returnType:kotlin.coroutines.Continuation<kotlin.Unit>
            overridden:
              public open fun create (value: kotlin.Any?, $completion: kotlin.coroutines.Continuation<kotlin.Nothing>): kotlin.coroutines.Continuation<kotlin.Unit> declared in kotlin.coroutines.jvm.internal.SuspendLambda
            $this: VALUE_PARAMETER INSTANCE_RECEIVER name:<this> type:com.hailong.plantknow.MainActivityKt.AppContent.<no name provided>
            VALUE_PARAMETER name:value index:0 type:kotlin.Any?
            VALUE_PARAMETER name:$completion index:1 type:kotlin.coroutines.Continuation<kotlin.Nothing>
            BLOCK_BODY
              RETURN type=kotlin.Nothing from='public final fun create (value: kotlin.Any?, $completion: kotlin.coroutines.Continuation<kotlin.Nothing>): kotlin.coroutines.Continuation<kotlin.Unit> declared in com.hailong.plantknow.MainActivityKt.AppContent.<no name provided>'
                CONSTRUCTOR_CALL 'public/*package*/ constructor <init> ($isMainScreenReady$delegate: androidx.compose.runtime.MutableState<kotlin.Boolean>, $completion: kotlin.coroutines.Continuation<com.hailong.plantknow.MainActivityKt.AppContent.<no name provided>>?) [primary] declared in com.hailong.plantknow.MainActivityKt.AppContent.<no name provided>' type=com.hailong.plantknow.MainActivityKt.AppContent.<no name provided> origin=null
                  $isMainScreenReady$delegate: GET_FIELD 'FIELD FIELD_FOR_CAPTURED_VALUE name:$isMainScreenReady$delegate type:androidx.compose.runtime.MutableState<kotlin.Boolean> visibility:public/*package*/ [final] declared in com.hailong.plantknow.MainActivityKt.AppContent.<no name provided>' type=androidx.compose.runtime.MutableState<kotlin.Boolean> origin=null
                    receiver: GET_VAR '<this>: com.hailong.plantknow.MainActivityKt.AppContent.<no name provided> declared in com.hailong.plantknow.MainActivityKt.AppContent.<no name provided>.create' type=com.hailong.plantknow.MainActivityKt.AppContent.<no name provided> origin=null
                  $completion: GET_VAR '$completion: kotlin.coroutines.Continuation<kotlin.Nothing> declared in com.hailong.plantknow.MainActivityKt.AppContent.<no name provided>.create' type=kotlin.coroutines.Continuation<kotlin.Nothing> origin=null
          FUN name:invoke visibility:public modality:FINAL <> ($this:com.hailong.plantknow.MainActivityKt.AppContent.<no name provided>, p1:kotlinx.coroutines.CoroutineScope, p2:kotlin.coroutines.Continuation<kotlin.Unit>?) returnType:kotlin.Any?
            overridden:
              public abstract fun invoke (p1: P1 of kotlin.jvm.functions.Function2, p2: P2 of kotlin.jvm.functions.Function2): R of kotlin.jvm.functions.Function2 declared in kotlin.jvm.functions.Function2
            $this: VALUE_PARAMETER INSTANCE_RECEIVER name:<this> type:com.hailong.plantknow.MainActivityKt.AppContent.<no name provided>
            VALUE_PARAMETER name:p1 index:0 type:kotlinx.coroutines.CoroutineScope
            VALUE_PARAMETER name:p2 index:1 type:kotlin.coroutines.Continuation<kotlin.Unit>?
            BLOCK_BODY
              RETURN type=kotlin.Nothing from='public final fun invoke (p1: kotlinx.coroutines.CoroutineScope, p2: kotlin.coroutines.Continuation<kotlin.Unit>?): kotlin.Any? declared in com.hailong.plantknow.MainActivityKt.AppContent.<no name provided>'
                CALL 'public final fun invokeSuspend ($result: kotlin.Result<kotlin.Any?>): kotlin.Any? declared in com.hailong.plantknow.MainActivityKt.AppContent.<no name provided>' type=kotlin.Any? origin=null
                  $this: TYPE_OP type=com.hailong.plantknow.MainActivityKt.AppContent.<no name provided> origin=IMPLICIT_CAST typeOperand=com.hailong.plantknow.MainActivityKt.AppContent.<no name provided>
                    CALL 'public final fun create (value: kotlin.Any?, $completion: kotlin.coroutines.Continuation<kotlin.Nothing>): kotlin.coroutines.Continuation<kotlin.Unit> declared in com.hailong.plantknow.MainActivityKt.AppContent.<no name provided>' type=kotlin.coroutines.Continuation<kotlin.Unit> origin=null
                      $this: GET_VAR '<this>: com.hailong.plantknow.MainActivityKt.AppContent.<no name provided> declared in com.hailong.plantknow.MainActivityKt.AppContent.<no name provided>.invoke' type=com.hailong.plantknow.MainActivityKt.AppContent.<no name provided> origin=null
                      value: GET_VAR 'p1: kotlinx.coroutines.CoroutineScope declared in com.hailong.plantknow.MainActivityKt.AppContent.<no name provided>.invoke' type=kotlinx.coroutines.CoroutineScope origin=null
                      $completion: GET_VAR 'p2: kotlin.coroutines.Continuation<kotlin.Unit>? declared in com.hailong.plantknow.MainActivityKt.AppContent.<no name provided>.invoke' type=kotlin.coroutines.Continuation<kotlin.Unit>? origin=null
                  $result: CALL 'public final fun <unsafe-coerce> <T, R> (v: T of kotlin.jvm.internal.<unsafe-coerce>): R of kotlin.jvm.internal.<unsafe-coerce> declared in kotlin.jvm.internal' type=kotlin.Result<kotlin.Any?> origin=null
                    <T>: kotlin.Any?
                    <R>: kotlin.Result<kotlin.Any?>
                    v: GET_FIELD 'FIELD FIELD_FOR_OBJECT_INSTANCE name:INSTANCE type:kotlin.Unit visibility:public [final,static] declared in kotlin.Unit' type=kotlin.Unit origin=null
          FIELD FIELD_FOR_CAPTURED_VALUE name:$isMainScreenReady$delegate type:androidx.compose.runtime.MutableState<kotlin.Boolean> visibility:public/*package*/ [final]
          FUN BRIDGE name:invoke visibility:public modality:OPEN <> ($this:com.hailong.plantknow.MainActivityKt.AppContent.<no name provided>, p1:kotlin.Any?, p2:kotlin.Any?) returnType:kotlin.Any?
            $this: VALUE_PARAMETER INSTANCE_RECEIVER name:<this> type:com.hailong.plantknow.MainActivityKt.AppContent.<no name provided>
            VALUE_PARAMETER BRIDGE name:p1 index:0 type:kotlin.Any?
            VALUE_PARAMETER BRIDGE name:p2 index:1 type:kotlin.Any?
            EXPRESSION_BODY
              RETURN type=kotlin.Nothing from='public open fun invoke (p1: kotlin.Any?, p2: kotlin.Any?): kotlin.Any? declared in com.hailong.plantknow.MainActivityKt.AppContent.<no name provided>'
                CALL 'public final fun invoke (p1: kotlinx.coroutines.CoroutineScope, p2: kotlin.coroutines.Continuation<kotlin.Unit>?): kotlin.Any? declared in com.hailong.plantknow.MainActivityKt.AppContent.<no name provided>' type=kotlin.Any? origin=BRIDGE_DELEGATION
                  $this: GET_VAR '<this>: com.hailong.plantknow.MainActivityKt.AppContent.<no name provided> declared in com.hailong.plantknow.MainActivityKt.AppContent.<no name provided>.invoke' type=com.hailong.plantknow.MainActivityKt.AppContent.<no name provided> origin=null
                  p1: TYPE_OP type=kotlinx.coroutines.CoroutineScope origin=IMPLICIT_CAST typeOperand=kotlinx.coroutines.CoroutineScope
                    GET_VAR 'p1: kotlin.Any? declared in com.hailong.plantknow.MainActivityKt.AppContent.<no name provided>.invoke' type=kotlin.Any? origin=null
                  p2: TYPE_OP type=kotlin.coroutines.Continuation<*> origin=IMPLICIT_CAST typeOperand=kotlin.coroutines.Continuation<*>
                    GET_VAR 'p2: kotlin.Any? declared in com.hailong.plantknow.MainActivityKt.AppContent.<no name provided>.invoke' type=kotlin.Any? origin=null
        CONSTRUCTOR_CALL 'public/*package*/ constructor <init> ($isMainScreenReady$delegate: androidx.compose.runtime.MutableState<kotlin.Boolean>, $completion: kotlin.coroutines.Continuation<com.hailong.plantknow.MainActivityKt.AppContent.<no name provided>>?) [primary] declared in com.hailong.plantknow.MainActivityKt.AppContent.<no name provided>' type=com.hailong.plantknow.MainActivityKt.AppContent.<no name provided> origin=null
          $isMainScreenReady$delegate: GET_VAR 'val isMainScreenReady$delegate: androidx.compose.runtime.MutableState<kotlin.Boolean> [val] declared in com.hailong.plantknow.MainActivityKt.AppContent' type=androidx.compose.runtime.MutableState<kotlin.Boolean> origin=null
          $completion: CONST Null type=kotlin.Nothing? value=null
    CALL 'public final fun LaunchedEffect (key1: kotlin.Any?, block: @[ExtensionFunctionType] kotlin.coroutines.SuspendFunction1<kotlinx.coroutines.CoroutineScope, kotlin.Unit>): kotlin.Unit declared in androidx.compose.runtime.EffectsKt' type=kotlin.Unit origin=null
      key1: CALL 'private final fun AppContent$lambda$1 ($showSplash$delegate: androidx.compose.runtime.MutableState<kotlin.Boolean>): kotlin.Boolean declared in com.hailong.plantknow.MainActivityKt' type=kotlin.Boolean origin=GET_LOCAL_PROPERTY
        $showSplash$delegate: GET_VAR 'val showSplash$delegate: androidx.compose.runtime.MutableState<kotlin.Boolean> [val] declared in com.hailong.plantknow.MainActivityKt.AppContent' type=androidx.compose.runtime.MutableState<kotlin.Boolean> origin=null
      block: BLOCK type=com.hailong.plantknow.MainActivityKt.AppContent.<no name provided> origin=null
        CLASS SUSPEND_LAMBDA CLASS name:<no name provided> modality:FINAL visibility:public/*package*/ superTypes:[kotlin.coroutines.jvm.internal.SuspendLambda; kotlin.jvm.functions.Function2<kotlinx.coroutines.CoroutineScope, kotlin.coroutines.Continuation<kotlin.Unit>?, kotlin.Any?>]
          $this: VALUE_PARAMETER INSTANCE_RECEIVER name:<this> type:com.hailong.plantknow.MainActivityKt.AppContent.<no name provided>
          FIELD name:label type:kotlin.Int visibility:public/*package*/
          FIELD FIELD_FOR_CAPTURED_VALUE name:L$0 type:kotlin.Any? visibility:private
          CONSTRUCTOR SUSPEND_LAMBDA visibility:public/*package*/ <> ($showSplash$delegate:androidx.compose.runtime.MutableState<kotlin.Boolean>, $splashAlpha:androidx.compose.animation.core.Animatable<kotlin.Float, androidx.compose.animation.core.AnimationVector1D>, $mainScreenAlpha:androidx.compose.animation.core.Animatable<kotlin.Float, androidx.compose.animation.core.AnimationVector1D>, $completion:kotlin.coroutines.Continuation<com.hailong.plantknow.MainActivityKt.AppContent.<no name provided>>?) returnType:com.hailong.plantknow.MainActivityKt.AppContent.<no name provided> [primary]
            VALUE_PARAMETER BOUND_VALUE_PARAMETER name:$showSplash$delegate index:0 type:androidx.compose.runtime.MutableState<kotlin.Boolean>
            VALUE_PARAMETER BOUND_VALUE_PARAMETER name:$splashAlpha index:1 type:androidx.compose.animation.core.Animatable<kotlin.Float, androidx.compose.animation.core.AnimationVector1D>
            VALUE_PARAMETER BOUND_VALUE_PARAMETER name:$mainScreenAlpha index:2 type:androidx.compose.animation.core.Animatable<kotlin.Float, androidx.compose.animation.core.AnimationVector1D>
            VALUE_PARAMETER name:$completion index:3 type:kotlin.coroutines.Continuation<com.hailong.plantknow.MainActivityKt.AppContent.<no name provided>>?
            BLOCK_BODY
              SET_FIELD 'FIELD FIELD_FOR_CAPTURED_VALUE name:$showSplash$delegate type:androidx.compose.runtime.MutableState<kotlin.Boolean> visibility:public/*package*/ [final] declared in com.hailong.plantknow.MainActivityKt.AppContent.<no name provided>' type=kotlin.Unit origin=INITIALIZER_OF_FIELD_FOR_CAPTURED_VALUE
                receiver: GET_VAR '<this>: com.hailong.plantknow.MainActivityKt.AppContent.<no name provided> declared in com.hailong.plantknow.MainActivityKt.AppContent.<no name provided>' type=com.hailong.plantknow.MainActivityKt.AppContent.<no name provided> origin=null
                value: GET_VAR '$showSplash$delegate: androidx.compose.runtime.MutableState<kotlin.Boolean> declared in com.hailong.plantknow.MainActivityKt.AppContent.<no name provided>.<init>' type=androidx.compose.runtime.MutableState<kotlin.Boolean> origin=null
              SET_FIELD 'FIELD FIELD_FOR_CAPTURED_VALUE name:$splashAlpha type:androidx.compose.animation.core.Animatable<kotlin.Float, androidx.compose.animation.core.AnimationVector1D> visibility:public/*package*/ [final] declared in com.hailong.plantknow.MainActivityKt.AppContent.<no name provided>' type=kotlin.Unit origin=INITIALIZER_OF_FIELD_FOR_CAPTURED_VALUE
                receiver: GET_VAR '<this>: com.hailong.plantknow.MainActivityKt.AppContent.<no name provided> declared in com.hailong.plantknow.MainActivityKt.AppContent.<no name provided>' type=com.hailong.plantknow.MainActivityKt.AppContent.<no name provided> origin=null
                value: GET_VAR '$splashAlpha: androidx.compose.animation.core.Animatable<kotlin.Float, androidx.compose.animation.core.AnimationVector1D> declared in com.hailong.plantknow.MainActivityKt.AppContent.<no name provided>.<init>' type=androidx.compose.animation.core.Animatable<kotlin.Float, androidx.compose.animation.core.AnimationVector1D> origin=null
              SET_FIELD 'FIELD FIELD_FOR_CAPTURED_VALUE name:$mainScreenAlpha type:androidx.compose.animation.core.Animatable<kotlin.Float, androidx.compose.animation.core.AnimationVector1D> visibility:public/*package*/ [final] declared in com.hailong.plantknow.MainActivityKt.AppContent.<no name provided>' type=kotlin.Unit origin=INITIALIZER_OF_FIELD_FOR_CAPTURED_VALUE
                receiver: GET_VAR '<this>: com.hailong.plantknow.MainActivityKt.AppContent.<no name provided> declared in com.hailong.plantknow.MainActivityKt.AppContent.<no name provided>' type=com.hailong.plantknow.MainActivityKt.AppContent.<no name provided> origin=null
                value: GET_VAR '$mainScreenAlpha: androidx.compose.animation.core.Animatable<kotlin.Float, androidx.compose.animation.core.AnimationVector1D> declared in com.hailong.plantknow.MainActivityKt.AppContent.<no name provided>.<init>' type=androidx.compose.animation.core.Animatable<kotlin.Float, androidx.compose.animation.core.AnimationVector1D> origin=null
              DELEGATING_CONSTRUCTOR_CALL 'public constructor <init> (arity: kotlin.Int, $completion: kotlin.coroutines.Continuation<kotlin.Any?>?) declared in kotlin.coroutines.jvm.internal.SuspendLambda'
                arity: CONST Int type=kotlin.Int value=2
                $completion: GET_VAR '$completion: kotlin.coroutines.Continuation<com.hailong.plantknow.MainActivityKt.AppContent.<no name provided>>? declared in com.hailong.plantknow.MainActivityKt.AppContent.<no name provided>.<init>' type=kotlin.coroutines.Continuation<com.hailong.plantknow.MainActivityKt.AppContent.<no name provided>>? origin=null
              BLOCK type=kotlin.Unit origin=null
          FUN name:invokeSuspend visibility:public modality:FINAL <> ($this:com.hailong.plantknow.MainActivityKt.AppContent.<no name provided>, $result:kotlin.Result<kotlin.Any?>) returnType:kotlin.Any?
            overridden:
              protected abstract fun invokeSuspend ($result: kotlin.Result<kotlin.Any?>): kotlin.Any? declared in kotlin.coroutines.jvm.internal.SuspendLambda
            $this: VALUE_PARAMETER INSTANCE_RECEIVER name:<this> type:com.hailong.plantknow.MainActivityKt.AppContent.<no name provided>
            VALUE_PARAMETER name:$result index:0 type:kotlin.Result<kotlin.Any?>
            BLOCK_BODY
              VAR name:$this$LaunchedEffect type:kotlinx.coroutines.CoroutineScope [val]
                BLOCK type=kotlinx.coroutines.CoroutineScope origin=null
                  GET_FIELD 'FIELD FIELD_FOR_CAPTURED_VALUE name:L$0 type:kotlin.Any? visibility:private declared in com.hailong.plantknow.MainActivityKt.AppContent.<no name provided>' type=kotlinx.coroutines.CoroutineScope origin=null
                    receiver: GET_VAR '<this>: com.hailong.plantknow.MainActivityKt.AppContent.<no name provided> declared in com.hailong.plantknow.MainActivityKt.AppContent.<no name provided>.invokeSuspend' type=com.hailong.plantknow.MainActivityKt.AppContent.<no name provided> origin=null
              WHEN type=kotlin.Unit origin=IF
                BRANCH
                  if: CALL 'public final fun not (): kotlin.Boolean [operator] declared in kotlin.Boolean' type=kotlin.Boolean origin=null
                    $this: CALL 'public final fun access$AppContent$lambda$1 ($showSplash$delegate: androidx.compose.runtime.MutableState<kotlin.Boolean>): kotlin.Boolean declared in com.hailong.plantknow.MainActivityKt' type=kotlin.Boolean origin=GET_LOCAL_PROPERTY
                      $showSplash$delegate: GET_FIELD 'FIELD FIELD_FOR_CAPTURED_VALUE name:$showSplash$delegate type:androidx.compose.runtime.MutableState<kotlin.Boolean> visibility:public/*package*/ [final] declared in com.hailong.plantknow.MainActivityKt.AppContent.<no name provided>' type=androidx.compose.runtime.MutableState<kotlin.Boolean> origin=null
                        receiver: GET_VAR '<this>: com.hailong.plantknow.MainActivityKt.AppContent.<no name provided> declared in com.hailong.plantknow.MainActivityKt.AppContent.<no name provided>.invokeSuspend' type=com.hailong.plantknow.MainActivityKt.AppContent.<no name provided> origin=null
                  then: COMPOSITE type=kotlin.Unit origin=null
                    BLOCK type=kotlinx.coroutines.Job origin=null
                      COMPOSITE type=kotlin.Unit origin=null
                        CALL 'public final fun launch$default (context: kotlin.coroutines.CoroutineContext?, start: kotlinx.coroutines.CoroutineStart?, block: @[ExtensionFunctionType] kotlin.coroutines.SuspendFunction1<kotlinx.coroutines.CoroutineScope, kotlin.Unit>, $mask0: kotlin.Int, $handler: kotlin.Any?): kotlinx.coroutines.Job declared in kotlinx.coroutines.BuildersKt' type=kotlinx.coroutines.Job origin=DEFAULT_DISPATCH_CALL
                          $receiver: GET_VAR 'val $this$LaunchedEffect: kotlinx.coroutines.CoroutineScope [val] declared in com.hailong.plantknow.MainActivityKt.AppContent.<no name provided>.invokeSuspend' type=kotlinx.coroutines.CoroutineScope origin=null
                          context: COMPOSITE type=kotlin.coroutines.CoroutineContext? origin=DEFAULT_VALUE
                            CONST Null type=kotlin.coroutines.CoroutineContext? value=null
                          start: COMPOSITE type=kotlinx.coroutines.CoroutineStart? origin=DEFAULT_VALUE
                            CONST Null type=kotlinx.coroutines.CoroutineStart? value=null
                          block: BLOCK type=com.hailong.plantknow.MainActivityKt.AppContent.<no name provided>.invokeSuspend.<no name provided> origin=null
                            CLASS SUSPEND_LAMBDA CLASS name:<no name provided> modality:FINAL visibility:public/*package*/ superTypes:[kotlin.coroutines.jvm.internal.SuspendLambda; kotlin.jvm.functions.Function2<kotlinx.coroutines.CoroutineScope, kotlin.coroutines.Continuation<kotlin.Unit>?, kotlin.Any?>]
                              $this: VALUE_PARAMETER INSTANCE_RECEIVER name:<this> type:com.hailong.plantknow.MainActivityKt.AppContent.<no name provided>.invokeSuspend.<no name provided>
                              FIELD name:label type:kotlin.Int visibility:public/*package*/
                              CONSTRUCTOR SUSPEND_LAMBDA visibility:public/*package*/ <> ($splashAlpha:androidx.compose.animation.core.Animatable<kotlin.Float, androidx.compose.animation.core.AnimationVector1D>, $completion:kotlin.coroutines.Continuation<com.hailong.plantknow.MainActivityKt.AppContent.<no name provided>.invokeSuspend.<no name provided>>?) returnType:com.hailong.plantknow.MainActivityKt.AppContent.<no name provided>.invokeSuspend.<no name provided> [primary]
                                VALUE_PARAMETER BOUND_VALUE_PARAMETER name:$splashAlpha index:0 type:androidx.compose.animation.core.Animatable<kotlin.Float, androidx.compose.animation.core.AnimationVector1D>
                                VALUE_PARAMETER name:$completion index:1 type:kotlin.coroutines.Continuation<com.hailong.plantknow.MainActivityKt.AppContent.<no name provided>.invokeSuspend.<no name provided>>?
                                BLOCK_BODY
                                  SET_FIELD 'FIELD FIELD_FOR_CAPTURED_VALUE name:$splashAlpha type:androidx.compose.animation.core.Animatable<kotlin.Float, androidx.compose.animation.core.AnimationVector1D> visibility:public/*package*/ [final] declared in com.hailong.plantknow.MainActivityKt.AppContent.<no name provided>.invokeSuspend.<no name provided>' type=kotlin.Unit origin=INITIALIZER_OF_FIELD_FOR_CAPTURED_VALUE
                                    receiver: GET_VAR '<this>: com.hailong.plantknow.MainActivityKt.AppContent.<no name provided>.invokeSuspend.<no name provided> declared in com.hailong.plantknow.MainActivityKt.AppContent.<no name provided>.invokeSuspend.<no name provided>' type=com.hailong.plantknow.MainActivityKt.AppContent.<no name provided>.invokeSuspend.<no name provided> origin=null
                                    value: GET_VAR '$splashAlpha: androidx.compose.animation.core.Animatable<kotlin.Float, androidx.compose.animation.core.AnimationVector1D> declared in com.hailong.plantknow.MainActivityKt.AppContent.<no name provided>.invokeSuspend.<no name provided>.<init>' type=androidx.compose.animation.core.Animatable<kotlin.Float, androidx.compose.animation.core.AnimationVector1D> origin=null
                                  DELEGATING_CONSTRUCTOR_CALL 'public constructor <init> (arity: kotlin.Int, $completion: kotlin.coroutines.Continuation<kotlin.Any?>?) declared in kotlin.coroutines.jvm.internal.SuspendLambda'
                                    arity: CONST Int type=kotlin.Int value=2
                                    $completion: GET_VAR '$completion: kotlin.coroutines.Continuation<com.hailong.plantknow.MainActivityKt.AppContent.<no name provided>.invokeSuspend.<no name provided>>? declared in com.hailong.plantknow.MainActivityKt.AppContent.<no name provided>.invokeSuspend.<no name provided>.<init>' type=kotlin.coroutines.Continuation<com.hailong.plantknow.MainActivityKt.AppContent.<no name provided>.invokeSuspend.<no name provided>>? origin=null
                                  BLOCK type=kotlin.Unit origin=null
                              FUN name:invokeSuspend visibility:public modality:FINAL <> ($this:com.hailong.plantknow.MainActivityKt.AppContent.<no name provided>.invokeSuspend.<no name provided>, $result:kotlin.Result<kotlin.Any?>) returnType:kotlin.Any?
                                overridden:
                                  protected abstract fun invokeSuspend ($result: kotlin.Result<kotlin.Any?>): kotlin.Any? declared in kotlin.coroutines.jvm.internal.SuspendLambda
                                $this: VALUE_PARAMETER INSTANCE_RECEIVER name:<this> type:com.hailong.plantknow.MainActivityKt.AppContent.<no name provided>.invokeSuspend.<no name provided>
                                VALUE_PARAMETER name:$result index:0 type:kotlin.Result<kotlin.Any?>
                                BLOCK_BODY
                                  COMPOSITE type=kotlin.Unit origin=null
                                    TYPE_OP type=androidx.compose.animation.core.AnimationResult<kotlin.Float, androidx.compose.animation.core.AnimationVector1D> origin=IMPLICIT_CAST typeOperand=androidx.compose.animation.core.AnimationResult<kotlin.Float, androidx.compose.animation.core.AnimationVector1D>
                                      CALL 'public final fun animateTo$default ($this: androidx.compose.animation.core.Animatable<T of androidx.compose.animation.core.Animatable, V of androidx.compose.animation.core.Animatable>, targetValue: T of androidx.compose.animation.core.Animatable, animationSpec: androidx.compose.animation.core.AnimationSpec<T of androidx.compose.animation.core.Animatable>?, initialVelocity: T of androidx.compose.animation.core.Animatable?, block: @[ExtensionFunctionType] kotlin.Function1<androidx.compose.animation.core.Animatable<T of androidx.compose.animation.core.Animatable, V of androidx.compose.animation.core.Animatable>, kotlin.Unit>?, $completion: kotlin.coroutines.Continuation<androidx.compose.animation.core.AnimationResult<T of androidx.compose.animation.core.Animatable, V of androidx.compose.animation.core.Animatable>>, $mask0: kotlin.Int, $handler: kotlin.Any?): kotlin.Any? [suspend] declared in androidx.compose.animation.core.Animatable' type=androidx.compose.animation.core.AnimationResult<T of androidx.compose.animation.core.Animatable, V of androidx.compose.animation.core.Animatable> origin=DEFAULT_DISPATCH_CALL
                                        $this: GET_FIELD 'FIELD FIELD_FOR_CAPTURED_VALUE name:$splashAlpha type:androidx.compose.animation.core.Animatable<kotlin.Float, androidx.compose.animation.core.AnimationVector1D> visibility:public/*package*/ [final] declared in com.hailong.plantknow.MainActivityKt.AppContent.<no name provided>.invokeSuspend.<no name provided>' type=androidx.compose.animation.core.Animatable<kotlin.Float, androidx.compose.animation.core.AnimationVector1D> origin=null
                                          receiver: GET_VAR '<this>: com.hailong.plantknow.MainActivityKt.AppContent.<no name provided>.invokeSuspend.<no name provided> declared in com.hailong.plantknow.MainActivityKt.AppContent.<no name provided>.invokeSuspend.<no name provided>.invokeSuspend' type=com.hailong.plantknow.MainActivityKt.AppContent.<no name provided>.invokeSuspend.<no name provided> origin=null
                                        targetValue: CONST Float type=kotlin.Float value=0.0
                                        animationSpec: TYPE_OP type=androidx.compose.animation.core.TweenSpec<kotlin.Float> origin=IMPLICIT_CAST typeOperand=androidx.compose.animation.core.TweenSpec<kotlin.Float>
                                          CALL 'public final fun tween$default <T> (durationMillis: kotlin.Int, delayMillis: kotlin.Int, easing: androidx.compose.animation.core.Easing?, $mask0: kotlin.Int, $handler: kotlin.Any?): androidx.compose.animation.core.TweenSpec<T of androidx.compose.animation.core.AnimationSpecKt.tween$default> declared in androidx.compose.animation.core.AnimationSpecKt' type=androidx.compose.animation.core.TweenSpec<T of androidx.compose.animation.core.AnimationSpecKt.tween$default> origin=DEFAULT_DISPATCH_CALL
                                            <T>: kotlin.Float
                                            durationMillis: CONST Int type=kotlin.Int value=400
                                            delayMillis: COMPOSITE type=kotlin.Int origin=DEFAULT_VALUE
                                              CONST Int type=kotlin.Int value=0
                                            easing: COMPOSITE type=androidx.compose.animation.core.Easing? origin=DEFAULT_VALUE
                                              CONST Null type=androidx.compose.animation.core.Easing? value=null
                                            $mask0: CONST Int type=kotlin.Int value=6
                                            $handler: CONST Null type=kotlin.Any? value=null
                                        initialVelocity: COMPOSITE type=T of androidx.compose.animation.core.Animatable? origin=DEFAULT_VALUE
                                          CONST Null type=kotlin.Any? value=null
                                        block: COMPOSITE type=@[ExtensionFunctionType] kotlin.Function1<androidx.compose.animation.core.Animatable<T of androidx.compose.animation.core.Animatable, V of androidx.compose.animation.core.Animatable>, kotlin.Unit>? origin=DEFAULT_VALUE
                                          CONST Null type=@[ExtensionFunctionType] kotlin.Function1<androidx.compose.animation.core.Animatable<T of androidx.compose.animation.core.Animatable, V of androidx.compose.animation.core.Animatable>, kotlin.Unit>? value=null
                                        $completion: GET_VAR '<this>: com.hailong.plantknow.MainActivityKt.AppContent.<no name provided>.invokeSuspend.<no name provided> declared in com.hailong.plantknow.MainActivityKt.AppContent.<no name provided>.invokeSuspend.<no name provided>.invokeSuspend' type=com.hailong.plantknow.MainActivityKt.AppContent.<no name provided>.invokeSuspend.<no name provided> origin=null
                                        $mask0: CONST Int type=kotlin.Int value=12
                                        $handler: CONST Null type=kotlin.Any? value=null
                                    COMPOSITE type=kotlin.Unit origin=null
                              FUN name:create visibility:public modality:FINAL <> ($this:com.hailong.plantknow.MainActivityKt.AppContent.<no name provided>.invokeSuspend.<no name provided>, value:kotlin.Any?, $completion:kotlin.coroutines.Continuation<kotlin.Nothing>) returnType:kotlin.coroutines.Continuation<kotlin.Unit>
                                overridden:
                                  public open fun create (value: kotlin.Any?, $completion: kotlin.coroutines.Continuation<kotlin.Nothing>): kotlin.coroutines.Continuation<kotlin.Unit> declared in kotlin.coroutines.jvm.internal.SuspendLambda
                                $this: VALUE_PARAMETER INSTANCE_RECEIVER name:<this> type:com.hailong.plantknow.MainActivityKt.AppContent.<no name provided>.invokeSuspend.<no name provided>
                                VALUE_PARAMETER name:value index:0 type:kotlin.Any?
                                VALUE_PARAMETER name:$completion index:1 type:kotlin.coroutines.Continuation<kotlin.Nothing>
                                BLOCK_BODY
                                  RETURN type=kotlin.Nothing from='public final fun create (value: kotlin.Any?, $completion: kotlin.coroutines.Continuation<kotlin.Nothing>): kotlin.coroutines.Continuation<kotlin.Unit> declared in com.hailong.plantknow.MainActivityKt.AppContent.<no name provided>.invokeSuspend.<no name provided>'
                                    CONSTRUCTOR_CALL 'public/*package*/ constructor <init> ($splashAlpha: androidx.compose.animation.core.Animatable<kotlin.Float, androidx.compose.animation.core.AnimationVector1D>, $completion: kotlin.coroutines.Continuation<com.hailong.plantknow.MainActivityKt.AppContent.<no name provided>.invokeSuspend.<no name provided>>?) [primary] declared in com.hailong.plantknow.MainActivityKt.AppContent.<no name provided>.invokeSuspend.<no name provided>' type=com.hailong.plantknow.MainActivityKt.AppContent.<no name provided>.invokeSuspend.<no name provided> origin=null
                                      $splashAlpha: GET_FIELD 'FIELD FIELD_FOR_CAPTURED_VALUE name:$splashAlpha type:androidx.compose.animation.core.Animatable<kotlin.Float, androidx.compose.animation.core.AnimationVector1D> visibility:public/*package*/ [final] declared in com.hailong.plantknow.MainActivityKt.AppContent.<no name provided>.invokeSuspend.<no name provided>' type=androidx.compose.animation.core.Animatable<kotlin.Float, androidx.compose.animation.core.AnimationVector1D> origin=null
                                        receiver: GET_VAR '<this>: com.hailong.plantknow.MainActivityKt.AppContent.<no name provided>.invokeSuspend.<no name provided> declared in com.hailong.plantknow.MainActivityKt.AppContent.<no name provided>.invokeSuspend.<no name provided>.create' type=com.hailong.plantknow.MainActivityKt.AppContent.<no name provided>.invokeSuspend.<no name provided> origin=null
                                      $completion: GET_VAR '$completion: kotlin.coroutines.Continuation<kotlin.Nothing> declared in com.hailong.plantknow.MainActivityKt.AppContent.<no name provided>.invokeSuspend.<no name provided>.create' type=kotlin.coroutines.Continuation<kotlin.Nothing> origin=null
                              FUN name:invoke visibility:public modality:FINAL <> ($this:com.hailong.plantknow.MainActivityKt.AppContent.<no name provided>.invokeSuspend.<no name provided>, p1:kotlinx.coroutines.CoroutineScope, p2:kotlin.coroutines.Continuation<kotlin.Unit>?) returnType:kotlin.Any?
                                overridden:
                                  public abstract fun invoke (p1: P1 of kotlin.jvm.functions.Function2, p2: P2 of kotlin.jvm.functions.Function2): R of kotlin.jvm.functions.Function2 declared in kotlin.jvm.functions.Function2
                                $this: VALUE_PARAMETER INSTANCE_RECEIVER name:<this> type:com.hailong.plantknow.MainActivityKt.AppContent.<no name provided>.invokeSuspend.<no name provided>
                                VALUE_PARAMETER name:p1 index:0 type:kotlinx.coroutines.CoroutineScope
                                VALUE_PARAMETER name:p2 index:1 type:kotlin.coroutines.Continuation<kotlin.Unit>?
                                BLOCK_BODY
                                  RETURN type=kotlin.Nothing from='public final fun invoke (p1: kotlinx.coroutines.CoroutineScope, p2: kotlin.coroutines.Continuation<kotlin.Unit>?): kotlin.Any? declared in com.hailong.plantknow.MainActivityKt.AppContent.<no name provided>.invokeSuspend.<no name provided>'
                                    CALL 'public final fun invokeSuspend ($result: kotlin.Result<kotlin.Any?>): kotlin.Any? declared in com.hailong.plantknow.MainActivityKt.AppContent.<no name provided>.invokeSuspend.<no name provided>' type=kotlin.Any? origin=null
                                      $this: TYPE_OP type=com.hailong.plantknow.MainActivityKt.AppContent.<no name provided>.invokeSuspend.<no name provided> origin=IMPLICIT_CAST typeOperand=com.hailong.plantknow.MainActivityKt.AppContent.<no name provided>.invokeSuspend.<no name provided>
                                        CALL 'public final fun create (value: kotlin.Any?, $completion: kotlin.coroutines.Continuation<kotlin.Nothing>): kotlin.coroutines.Continuation<kotlin.Unit> declared in com.hailong.plantknow.MainActivityKt.AppContent.<no name provided>.invokeSuspend.<no name provided>' type=kotlin.coroutines.Continuation<kotlin.Unit> origin=null
                                          $this: GET_VAR '<this>: com.hailong.plantknow.MainActivityKt.AppContent.<no name provided>.invokeSuspend.<no name provided> declared in com.hailong.plantknow.MainActivityKt.AppContent.<no name provided>.invokeSuspend.<no name provided>.invoke' type=com.hailong.plantknow.MainActivityKt.AppContent.<no name provided>.invokeSuspend.<no name provided> origin=null
                                          value: GET_VAR 'p1: kotlinx.coroutines.CoroutineScope declared in com.hailong.plantknow.MainActivityKt.AppContent.<no name provided>.invokeSuspend.<no name provided>.invoke' type=kotlinx.coroutines.CoroutineScope origin=null
                                          $completion: GET_VAR 'p2: kotlin.coroutines.Continuation<kotlin.Unit>? declared in com.hailong.plantknow.MainActivityKt.AppContent.<no name provided>.invokeSuspend.<no name provided>.invoke' type=kotlin.coroutines.Continuation<kotlin.Unit>? origin=null
                                      $result: CALL 'public final fun <unsafe-coerce> <T, R> (v: T of kotlin.jvm.internal.<unsafe-coerce>): R of kotlin.jvm.internal.<unsafe-coerce> declared in kotlin.jvm.internal' type=kotlin.Result<kotlin.Any?> origin=null
                                        <T>: kotlin.Any?
                                        <R>: kotlin.Result<kotlin.Any?>
                                        v: GET_FIELD 'FIELD FIELD_FOR_OBJECT_INSTANCE name:INSTANCE type:kotlin.Unit visibility:public [final,static] declared in kotlin.Unit' type=kotlin.Unit origin=null
                              FIELD FIELD_FOR_CAPTURED_VALUE name:$splashAlpha type:androidx.compose.animation.core.Animatable<kotlin.Float, androidx.compose.animation.core.AnimationVector1D> visibility:public/*package*/ [final]
                              FUN BRIDGE name:invoke visibility:public modality:OPEN <> ($this:com.hailong.plantknow.MainActivityKt.AppContent.<no name provided>.invokeSuspend.<no name provided>, p1:kotlin.Any?, p2:kotlin.Any?) returnType:kotlin.Any?
                                $this: VALUE_PARAMETER INSTANCE_RECEIVER name:<this> type:com.hailong.plantknow.MainActivityKt.AppContent.<no name provided>.invokeSuspend.<no name provided>
                                VALUE_PARAMETER BRIDGE name:p1 index:0 type:kotlin.Any?
                                VALUE_PARAMETER BRIDGE name:p2 index:1 type:kotlin.Any?
                                EXPRESSION_BODY
                                  RETURN type=kotlin.Nothing from='public open fun invoke (p1: kotlin.Any?, p2: kotlin.Any?): kotlin.Any? declared in com.hailong.plantknow.MainActivityKt.AppContent.<no name provided>.invokeSuspend.<no name provided>'
                                    CALL 'public final fun invoke (p1: kotlinx.coroutines.CoroutineScope, p2: kotlin.coroutines.Continuation<kotlin.Unit>?): kotlin.Any? declared in com.hailong.plantknow.MainActivityKt.AppContent.<no name provided>.invokeSuspend.<no name provided>' type=kotlin.Any? origin=BRIDGE_DELEGATION
                                      $this: GET_VAR '<this>: com.hailong.plantknow.MainActivityKt.AppContent.<no name provided>.invokeSuspend.<no name provided> declared in com.hailong.plantknow.MainActivityKt.AppContent.<no name provided>.invokeSuspend.<no name provided>.invoke' type=com.hailong.plantknow.MainActivityKt.AppContent.<no name provided>.invokeSuspend.<no name provided> origin=null
                                      p1: TYPE_OP type=kotlinx.coroutines.CoroutineScope origin=IMPLICIT_CAST typeOperand=kotlinx.coroutines.CoroutineScope
                                        GET_VAR 'p1: kotlin.Any? declared in com.hailong.plantknow.MainActivityKt.AppContent.<no name provided>.invokeSuspend.<no name provided>.invoke' type=kotlin.Any? origin=null
                                      p2: TYPE_OP type=kotlin.coroutines.Continuation<*> origin=IMPLICIT_CAST typeOperand=kotlin.coroutines.Continuation<*>
                                        GET_VAR 'p2: kotlin.Any? declared in com.hailong.plantknow.MainActivityKt.AppContent.<no name provided>.invokeSuspend.<no name provided>.invoke' type=kotlin.Any? origin=null
                            CONSTRUCTOR_CALL 'public/*package*/ constructor <init> ($splashAlpha: androidx.compose.animation.core.Animatable<kotlin.Float, androidx.compose.animation.core.AnimationVector1D>, $completion: kotlin.coroutines.Continuation<com.hailong.plantknow.MainActivityKt.AppContent.<no name provided>.invokeSuspend.<no name provided>>?) [primary] declared in com.hailong.plantknow.MainActivityKt.AppContent.<no name provided>.invokeSuspend.<no name provided>' type=com.hailong.plantknow.MainActivityKt.AppContent.<no name provided>.invokeSuspend.<no name provided> origin=null
                              $splashAlpha: GET_FIELD 'FIELD FIELD_FOR_CAPTURED_VALUE name:$splashAlpha type:androidx.compose.animation.core.Animatable<kotlin.Float, androidx.compose.animation.core.AnimationVector1D> visibility:public/*package*/ [final] declared in com.hailong.plantknow.MainActivityKt.AppContent.<no name provided>' type=androidx.compose.animation.core.Animatable<kotlin.Float, androidx.compose.animation.core.AnimationVector1D> origin=null
                                receiver: GET_VAR '<this>: com.hailong.plantknow.MainActivityKt.AppContent.<no name provided> declared in com.hailong.plantknow.MainActivityKt.AppContent.<no name provided>.invokeSuspend' type=com.hailong.plantknow.MainActivityKt.AppContent.<no name provided> origin=null
                              $completion: CONST Null type=kotlin.Nothing? value=null
                          $mask0: CONST Int type=kotlin.Int value=3
                          $handler: CONST Null type=kotlin.Any? value=null
                        COMPOSITE type=kotlin.Unit origin=null
                      CALL 'public final fun launch$default (context: kotlin.coroutines.CoroutineContext?, start: kotlinx.coroutines.CoroutineStart?, block: @[ExtensionFunctionType] kotlin.coroutines.SuspendFunction1<kotlinx.coroutines.CoroutineScope, kotlin.Unit>, $mask0: kotlin.Int, $handler: kotlin.Any?): kotlinx.coroutines.Job declared in kotlinx.coroutines.BuildersKt' type=kotlinx.coroutines.Job origin=DEFAULT_DISPATCH_CALL
                        $receiver: GET_VAR 'val $this$LaunchedEffect: kotlinx.coroutines.CoroutineScope [val] declared in com.hailong.plantknow.MainActivityKt.AppContent.<no name provided>.invokeSuspend' type=kotlinx.coroutines.CoroutineScope origin=null
                        context: COMPOSITE type=kotlin.coroutines.CoroutineContext? origin=DEFAULT_VALUE
                          CONST Null type=kotlin.coroutines.CoroutineContext? value=null
                        start: COMPOSITE type=kotlinx.coroutines.CoroutineStart? origin=DEFAULT_VALUE
                          CONST Null type=kotlinx.coroutines.CoroutineStart? value=null
                        block: BLOCK type=com.hailong.plantknow.MainActivityKt.AppContent.<no name provided>.invokeSuspend.<no name provided> origin=null
                          CLASS SUSPEND_LAMBDA CLASS name:<no name provided> modality:FINAL visibility:public/*package*/ superTypes:[kotlin.coroutines.jvm.internal.SuspendLambda; kotlin.jvm.functions.Function2<kotlinx.coroutines.CoroutineScope, kotlin.coroutines.Continuation<kotlin.Unit>?, kotlin.Any?>]
                            $this: VALUE_PARAMETER INSTANCE_RECEIVER name:<this> type:com.hailong.plantknow.MainActivityKt.AppContent.<no name provided>.invokeSuspend.<no name provided>
                            FIELD name:label type:kotlin.Int visibility:public/*package*/
                            CONSTRUCTOR SUSPEND_LAMBDA visibility:public/*package*/ <> ($mainScreenAlpha:androidx.compose.animation.core.Animatable<kotlin.Float, androidx.compose.animation.core.AnimationVector1D>, $completion:kotlin.coroutines.Continuation<com.hailong.plantknow.MainActivityKt.AppContent.<no name provided>.invokeSuspend.<no name provided>>?) returnType:com.hailong.plantknow.MainActivityKt.AppContent.<no name provided>.invokeSuspend.<no name provided> [primary]
                              VALUE_PARAMETER BOUND_VALUE_PARAMETER name:$mainScreenAlpha index:0 type:androidx.compose.animation.core.Animatable<kotlin.Float, androidx.compose.animation.core.AnimationVector1D>
                              VALUE_PARAMETER name:$completion index:1 type:kotlin.coroutines.Continuation<com.hailong.plantknow.MainActivityKt.AppContent.<no name provided>.invokeSuspend.<no name provided>>?
                              BLOCK_BODY
                                SET_FIELD 'FIELD FIELD_FOR_CAPTURED_VALUE name:$mainScreenAlpha type:androidx.compose.animation.core.Animatable<kotlin.Float, androidx.compose.animation.core.AnimationVector1D> visibility:public/*package*/ [final] declared in com.hailong.plantknow.MainActivityKt.AppContent.<no name provided>.invokeSuspend.<no name provided>' type=kotlin.Unit origin=INITIALIZER_OF_FIELD_FOR_CAPTURED_VALUE
                                  receiver: GET_VAR '<this>: com.hailong.plantknow.MainActivityKt.AppContent.<no name provided>.invokeSuspend.<no name provided> declared in com.hailong.plantknow.MainActivityKt.AppContent.<no name provided>.invokeSuspend.<no name provided>' type=com.hailong.plantknow.MainActivityKt.AppContent.<no name provided>.invokeSuspend.<no name provided> origin=null
                                  value: GET_VAR '$mainScreenAlpha: androidx.compose.animation.core.Animatable<kotlin.Float, androidx.compose.animation.core.AnimationVector1D> declared in com.hailong.plantknow.MainActivityKt.AppContent.<no name provided>.invokeSuspend.<no name provided>.<init>' type=androidx.compose.animation.core.Animatable<kotlin.Float, androidx.compose.animation.core.AnimationVector1D> origin=null
                                DELEGATING_CONSTRUCTOR_CALL 'public constructor <init> (arity: kotlin.Int, $completion: kotlin.coroutines.Continuation<kotlin.Any?>?) declared in kotlin.coroutines.jvm.internal.SuspendLambda'
                                  arity: CONST Int type=kotlin.Int value=2
                                  $completion: GET_VAR '$completion: kotlin.coroutines.Continuation<com.hailong.plantknow.MainActivityKt.AppContent.<no name provided>.invokeSuspend.<no name provided>>? declared in com.hailong.plantknow.MainActivityKt.AppContent.<no name provided>.invokeSuspend.<no name provided>.<init>' type=kotlin.coroutines.Continuation<com.hailong.plantknow.MainActivityKt.AppContent.<no name provided>.invokeSuspend.<no name provided>>? origin=null
                                BLOCK type=kotlin.Unit origin=null
                            FUN name:invokeSuspend visibility:public modality:FINAL <> ($this:com.hailong.plantknow.MainActivityKt.AppContent.<no name provided>.invokeSuspend.<no name provided>, $result:kotlin.Result<kotlin.Any?>) returnType:kotlin.Any?
                              overridden:
                                protected abstract fun invokeSuspend ($result: kotlin.Result<kotlin.Any?>): kotlin.Any? declared in kotlin.coroutines.jvm.internal.SuspendLambda
                              $this: VALUE_PARAMETER INSTANCE_RECEIVER name:<this> type:com.hailong.plantknow.MainActivityKt.AppContent.<no name provided>.invokeSuspend.<no name provided>
                              VALUE_PARAMETER name:$result index:0 type:kotlin.Result<kotlin.Any?>
                              BLOCK_BODY
                                COMPOSITE type=kotlin.Unit origin=null
                                  TYPE_OP type=androidx.compose.animation.core.AnimationResult<kotlin.Float, androidx.compose.animation.core.AnimationVector1D> origin=IMPLICIT_CAST typeOperand=androidx.compose.animation.core.AnimationResult<kotlin.Float, androidx.compose.animation.core.AnimationVector1D>
                                    CALL 'public final fun animateTo$default ($this: androidx.compose.animation.core.Animatable<T of androidx.compose.animation.core.Animatable, V of androidx.compose.animation.core.Animatable>, targetValue: T of androidx.compose.animation.core.Animatable, animationSpec: androidx.compose.animation.core.AnimationSpec<T of androidx.compose.animation.core.Animatable>?, initialVelocity: T of androidx.compose.animation.core.Animatable?, block: @[ExtensionFunctionType] kotlin.Function1<androidx.compose.animation.core.Animatable<T of androidx.compose.animation.core.Animatable, V of androidx.compose.animation.core.Animatable>, kotlin.Unit>?, $completion: kotlin.coroutines.Continuation<androidx.compose.animation.core.AnimationResult<T of androidx.compose.animation.core.Animatable, V of androidx.compose.animation.core.Animatable>>, $mask0: kotlin.Int, $handler: kotlin.Any?): kotlin.Any? [suspend] declared in androidx.compose.animation.core.Animatable' type=androidx.compose.animation.core.AnimationResult<T of androidx.compose.animation.core.Animatable, V of androidx.compose.animation.core.Animatable> origin=DEFAULT_DISPATCH_CALL
                                      $this: GET_FIELD 'FIELD FIELD_FOR_CAPTURED_VALUE name:$mainScreenAlpha type:androidx.compose.animation.core.Animatable<kotlin.Float, androidx.compose.animation.core.AnimationVector1D> visibility:public/*package*/ [final] declared in com.hailong.plantknow.MainActivityKt.AppContent.<no name provided>.invokeSuspend.<no name provided>' type=androidx.compose.animation.core.Animatable<kotlin.Float, androidx.compose.animation.core.AnimationVector1D> origin=null
                                        receiver: GET_VAR '<this>: com.hailong.plantknow.MainActivityKt.AppContent.<no name provided>.invokeSuspend.<no name provided> declared in com.hailong.plantknow.MainActivityKt.AppContent.<no name provided>.invokeSuspend.<no name provided>.invokeSuspend' type=com.hailong.plantknow.MainActivityKt.AppContent.<no name provided>.invokeSuspend.<no name provided> origin=null
                                      targetValue: CONST Float type=kotlin.Float value=1.0
                                      animationSpec: TYPE_OP type=androidx.compose.animation.core.TweenSpec<kotlin.Float> origin=IMPLICIT_CAST typeOperand=androidx.compose.animation.core.TweenSpec<kotlin.Float>
                                        CALL 'public final fun tween$default <T> (durationMillis: kotlin.Int, delayMillis: kotlin.Int, easing: androidx.compose.animation.core.Easing?, $mask0: kotlin.Int, $handler: kotlin.Any?): androidx.compose.animation.core.TweenSpec<T of androidx.compose.animation.core.AnimationSpecKt.tween$default> declared in androidx.compose.animation.core.AnimationSpecKt' type=androidx.compose.animation.core.TweenSpec<T of androidx.compose.animation.core.AnimationSpecKt.tween$default> origin=DEFAULT_DISPATCH_CALL
                                          <T>: kotlin.Float
                                          durationMillis: CONST Int type=kotlin.Int value=400
                                          delayMillis: COMPOSITE type=kotlin.Int origin=DEFAULT_VALUE
                                            CONST Int type=kotlin.Int value=0
                                          easing: COMPOSITE type=androidx.compose.animation.core.Easing? origin=DEFAULT_VALUE
                                            CONST Null type=androidx.compose.animation.core.Easing? value=null
                                          $mask0: CONST Int type=kotlin.Int value=6
                                          $handler: CONST Null type=kotlin.Any? value=null
                                      initialVelocity: COMPOSITE type=T of androidx.compose.animation.core.Animatable? origin=DEFAULT_VALUE
                                        CONST Null type=kotlin.Any? value=null
                                      block: COMPOSITE type=@[ExtensionFunctionType] kotlin.Function1<androidx.compose.animation.core.Animatable<T of androidx.compose.animation.core.Animatable, V of androidx.compose.animation.core.Animatable>, kotlin.Unit>? origin=DEFAULT_VALUE
                                        CONST Null type=@[ExtensionFunctionType] kotlin.Function1<androidx.compose.animation.core.Animatable<T of androidx.compose.animation.core.Animatable, V of androidx.compose.animation.core.Animatable>, kotlin.Unit>? value=null
                                      $completion: GET_VAR '<this>: com.hailong.plantknow.MainActivityKt.AppContent.<no name provided>.invokeSuspend.<no name provided> declared in com.hailong.plantknow.MainActivityKt.AppContent.<no name provided>.invokeSuspend.<no name provided>.invokeSuspend' type=com.hailong.plantknow.MainActivityKt.AppContent.<no name provided>.invokeSuspend.<no name provided> origin=null
                                      $mask0: CONST Int type=kotlin.Int value=12
                                      $handler: CONST Null type=kotlin.Any? value=null
                                  COMPOSITE type=kotlin.Unit origin=null
                            FUN name:create visibility:public modality:FINAL <> ($this:com.hailong.plantknow.MainActivityKt.AppContent.<no name provided>.invokeSuspend.<no name provided>, value:kotlin.Any?, $completion:kotlin.coroutines.Continuation<kotlin.Nothing>) returnType:kotlin.coroutines.Continuation<kotlin.Unit>
                              overridden:
                                public open fun create (value: kotlin.Any?, $completion: kotlin.coroutines.Continuation<kotlin.Nothing>): kotlin.coroutines.Continuation<kotlin.Unit> declared in kotlin.coroutines.jvm.internal.SuspendLambda
                              $this: VALUE_PARAMETER INSTANCE_RECEIVER name:<this> type:com.hailong.plantknow.MainActivityKt.AppContent.<no name provided>.invokeSuspend.<no name provided>
                              VALUE_PARAMETER name:value index:0 type:kotlin.Any?
                              VALUE_PARAMETER name:$completion index:1 type:kotlin.coroutines.Continuation<kotlin.Nothing>
                              BLOCK_BODY
                                RETURN type=kotlin.Nothing from='public final fun create (value: kotlin.Any?, $completion: kotlin.coroutines.Continuation<kotlin.Nothing>): kotlin.coroutines.Continuation<kotlin.Unit> declared in com.hailong.plantknow.MainActivityKt.AppContent.<no name provided>.invokeSuspend.<no name provided>'
                                  CONSTRUCTOR_CALL 'public/*package*/ constructor <init> ($mainScreenAlpha: androidx.compose.animation.core.Animatable<kotlin.Float, androidx.compose.animation.core.AnimationVector1D>, $completion: kotlin.coroutines.Continuation<com.hailong.plantknow.MainActivityKt.AppContent.<no name provided>.invokeSuspend.<no name provided>>?) [primary] declared in com.hailong.plantknow.MainActivityKt.AppContent.<no name provided>.invokeSuspend.<no name provided>' type=com.hailong.plantknow.MainActivityKt.AppContent.<no name provided>.invokeSuspend.<no name provided> origin=null
                                    $mainScreenAlpha: GET_FIELD 'FIELD FIELD_FOR_CAPTURED_VALUE name:$mainScreenAlpha type:androidx.compose.animation.core.Animatable<kotlin.Float, androidx.compose.animation.core.AnimationVector1D> visibility:public/*package*/ [final] declared in com.hailong.plantknow.MainActivityKt.AppContent.<no name provided>.invokeSuspend.<no name provided>' type=androidx.compose.animation.core.Animatable<kotlin.Float, androidx.compose.animation.core.AnimationVector1D> origin=null
                                      receiver: GET_VAR '<this>: com.hailong.plantknow.MainActivityKt.AppContent.<no name provided>.invokeSuspend.<no name provided> declared in com.hailong.plantknow.MainActivityKt.AppContent.<no name provided>.invokeSuspend.<no name provided>.create' type=com.hailong.plantknow.MainActivityKt.AppContent.<no name provided>.invokeSuspend.<no name provided> origin=null
                                    $completion: GET_VAR '$completion: kotlin.coroutines.Continuation<kotlin.Nothing> declared in com.hailong.plantknow.MainActivityKt.AppContent.<no name provided>.invokeSuspend.<no name provided>.create' type=kotlin.coroutines.Continuation<kotlin.Nothing> origin=null
                            FUN name:invoke visibility:public modality:FINAL <> ($this:com.hailong.plantknow.MainActivityKt.AppContent.<no name provided>.invokeSuspend.<no name provided>, p1:kotlinx.coroutines.CoroutineScope, p2:kotlin.coroutines.Continuation<kotlin.Unit>?) returnType:kotlin.Any?
                              overridden:
                                public abstract fun invoke (p1: P1 of kotlin.jvm.functions.Function2, p2: P2 of kotlin.jvm.functions.Function2): R of kotlin.jvm.functions.Function2 declared in kotlin.jvm.functions.Function2
                              $this: VALUE_PARAMETER INSTANCE_RECEIVER name:<this> type:com.hailong.plantknow.MainActivityKt.AppContent.<no name provided>.invokeSuspend.<no name provided>
                              VALUE_PARAMETER name:p1 index:0 type:kotlinx.coroutines.CoroutineScope
                              VALUE_PARAMETER name:p2 index:1 type:kotlin.coroutines.Continuation<kotlin.Unit>?
                              BLOCK_BODY
                                RETURN type=kotlin.Nothing from='public final fun invoke (p1: kotlinx.coroutines.CoroutineScope, p2: kotlin.coroutines.Continuation<kotlin.Unit>?): kotlin.Any? declared in com.hailong.plantknow.MainActivityKt.AppContent.<no name provided>.invokeSuspend.<no name provided>'
                                  CALL 'public final fun invokeSuspend ($result: kotlin.Result<kotlin.Any?>): kotlin.Any? declared in com.hailong.plantknow.MainActivityKt.AppContent.<no name provided>.invokeSuspend.<no name provided>' type=kotlin.Any? origin=null
                                    $this: TYPE_OP type=com.hailong.plantknow.MainActivityKt.AppContent.<no name provided>.invokeSuspend.<no name provided> origin=IMPLICIT_CAST typeOperand=com.hailong.plantknow.MainActivityKt.AppContent.<no name provided>.invokeSuspend.<no name provided>
                                      CALL 'public final fun create (value: kotlin.Any?, $completion: kotlin.coroutines.Continuation<kotlin.Nothing>): kotlin.coroutines.Continuation<kotlin.Unit> declared in com.hailong.plantknow.MainActivityKt.AppContent.<no name provided>.invokeSuspend.<no name provided>' type=kotlin.coroutines.Continuation<kotlin.Unit> origin=null
                                        $this: GET_VAR '<this>: com.hailong.plantknow.MainActivityKt.AppContent.<no name provided>.invokeSuspend.<no name provided> declared in com.hailong.plantknow.MainActivityKt.AppContent.<no name provided>.invokeSuspend.<no name provided>.invoke' type=com.hailong.plantknow.MainActivityKt.AppContent.<no name provided>.invokeSuspend.<no name provided> origin=null
                                        value: GET_VAR 'p1: kotlinx.coroutines.CoroutineScope declared in com.hailong.plantknow.MainActivityKt.AppContent.<no name provided>.invokeSuspend.<no name provided>.invoke' type=kotlinx.coroutines.CoroutineScope origin=null
                                        $completion: GET_VAR 'p2: kotlin.coroutines.Continuation<kotlin.Unit>? declared in com.hailong.plantknow.MainActivityKt.AppContent.<no name provided>.invokeSuspend.<no name provided>.invoke' type=kotlin.coroutines.Continuation<kotlin.Unit>? origin=null
                                    $result: CALL 'public final fun <unsafe-coerce> <T, R> (v: T of kotlin.jvm.internal.<unsafe-coerce>): R of kotlin.jvm.internal.<unsafe-coerce> declared in kotlin.jvm.internal' type=kotlin.Result<kotlin.Any?> origin=null
                                      <T>: kotlin.Any?
                                      <R>: kotlin.Result<kotlin.Any?>
                                      v: GET_FIELD 'FIELD FIELD_FOR_OBJECT_INSTANCE name:INSTANCE type:kotlin.Unit visibility:public [final,static] declared in kotlin.Unit' type=kotlin.Unit origin=null
                            FIELD FIELD_FOR_CAPTURED_VALUE name:$mainScreenAlpha type:androidx.compose.animation.core.Animatable<kotlin.Float, androidx.compose.animation.core.AnimationVector1D> visibility:public/*package*/ [final]
                            FUN BRIDGE name:invoke visibility:public modality:OPEN <> ($this:com.hailong.plantknow.MainActivityKt.AppContent.<no name provided>.invokeSuspend.<no name provided>, p1:kotlin.Any?, p2:kotlin.Any?) returnType:kotlin.Any?
                              $this: VALUE_PARAMETER INSTANCE_RECEIVER name:<this> type:com.hailong.plantknow.MainActivityKt.AppContent.<no name provided>.invokeSuspend.<no name provided>
                              VALUE_PARAMETER BRIDGE name:p1 index:0 type:kotlin.Any?
                              VALUE_PARAMETER BRIDGE name:p2 index:1 type:kotlin.Any?
                              EXPRESSION_BODY
                                RETURN type=kotlin.Nothing from='public open fun invoke (p1: kotlin.Any?, p2: kotlin.Any?): kotlin.Any? declared in com.hailong.plantknow.MainActivityKt.AppContent.<no name provided>.invokeSuspend.<no name provided>'
                                  CALL 'public final fun invoke (p1: kotlinx.coroutines.CoroutineScope, p2: kotlin.coroutines.Continuation<kotlin.Unit>?): kotlin.Any? declared in com.hailong.plantknow.MainActivityKt.AppContent.<no name provided>.invokeSuspend.<no name provided>' type=kotlin.Any? origin=BRIDGE_DELEGATION
                                    $this: GET_VAR '<this>: com.hailong.plantknow.MainActivityKt.AppContent.<no name provided>.invokeSuspend.<no name provided> declared in com.hailong.plantknow.MainActivityKt.AppContent.<no name provided>.invokeSuspend.<no name provided>.invoke' type=com.hailong.plantknow.MainActivityKt.AppContent.<no name provided>.invokeSuspend.<no name provided> origin=null
                                    p1: TYPE_OP type=kotlinx.coroutines.CoroutineScope origin=IMPLICIT_CAST typeOperand=kotlinx.coroutines.CoroutineScope
                                      GET_VAR 'p1: kotlin.Any? declared in com.hailong.plantknow.MainActivityKt.AppContent.<no name provided>.invokeSuspend.<no name provided>.invoke' type=kotlin.Any? origin=null
                                    p2: TYPE_OP type=kotlin.coroutines.Continuation<*> origin=IMPLICIT_CAST typeOperand=kotlin.coroutines.Continuation<*>
                                      GET_VAR 'p2: kotlin.Any? declared in com.hailong.plantknow.MainActivityKt.AppContent.<no name provided>.invokeSuspend.<no name provided>.invoke' type=kotlin.Any? origin=null
                          CONSTRUCTOR_CALL 'public/*package*/ constructor <init> ($mainScreenAlpha: androidx.compose.animation.core.Animatable<kotlin.Float, androidx.compose.animation.core.AnimationVector1D>, $completion: kotlin.coroutines.Continuation<com.hailong.plantknow.MainActivityKt.AppContent.<no name provided>.invokeSuspend.<no name provided>>?) [primary] declared in com.hailong.plantknow.MainActivityKt.AppContent.<no name provided>.invokeSuspend.<no name provided>' type=com.hailong.plantknow.MainActivityKt.AppContent.<no name provided>.invokeSuspend.<no name provided> origin=null
                            $mainScreenAlpha: GET_FIELD 'FIELD FIELD_FOR_CAPTURED_VALUE name:$mainScreenAlpha type:androidx.compose.animation.core.Animatable<kotlin.Float, androidx.compose.animation.core.AnimationVector1D> visibility:public/*package*/ [final] declared in com.hailong.plantknow.MainActivityKt.AppContent.<no name provided>' type=androidx.compose.animation.core.Animatable<kotlin.Float, androidx.compose.animation.core.AnimationVector1D> origin=null
                              receiver: GET_VAR '<this>: com.hailong.plantknow.MainActivityKt.AppContent.<no name provided> declared in com.hailong.plantknow.MainActivityKt.AppContent.<no name provided>.invokeSuspend' type=com.hailong.plantknow.MainActivityKt.AppContent.<no name provided> origin=null
                            $completion: CONST Null type=kotlin.Nothing? value=null
                        $mask0: CONST Int type=kotlin.Int value=3
                        $handler: CONST Null type=kotlin.Any? value=null
                    COMPOSITE type=kotlin.Unit origin=null
          FUN name:create visibility:public modality:FINAL <> ($this:com.hailong.plantknow.MainActivityKt.AppContent.<no name provided>, value:kotlin.Any?, $completion:kotlin.coroutines.Continuation<kotlin.Nothing>) returnType:kotlin.coroutines.Continuation<kotlin.Unit>
            overridden:
              public open fun create (value: kotlin.Any?, $completion: kotlin.coroutines.Continuation<kotlin.Nothing>): kotlin.coroutines.Continuation<kotlin.Unit> declared in kotlin.coroutines.jvm.internal.SuspendLambda
            $this: VALUE_PARAMETER INSTANCE_RECEIVER name:<this> type:com.hailong.plantknow.MainActivityKt.AppContent.<no name provided>
            VALUE_PARAMETER name:value index:0 type:kotlin.Any?
            VALUE_PARAMETER name:$completion index:1 type:kotlin.coroutines.Continuation<kotlin.Nothing>
            BLOCK_BODY
              VAR IR_TEMPORARY_VARIABLE name:tmp0_result type:com.hailong.plantknow.MainActivityKt.AppContent.<no name provided> [val]
                CONSTRUCTOR_CALL 'public/*package*/ constructor <init> ($showSplash$delegate: androidx.compose.runtime.MutableState<kotlin.Boolean>, $splashAlpha: androidx.compose.animation.core.Animatable<kotlin.Float, androidx.compose.animation.core.AnimationVector1D>, $mainScreenAlpha: androidx.compose.animation.core.Animatable<kotlin.Float, androidx.compose.animation.core.AnimationVector1D>, $completion: kotlin.coroutines.Continuation<com.hailong.plantknow.MainActivityKt.AppContent.<no name provided>>?) [primary] declared in com.hailong.plantknow.MainActivityKt.AppContent.<no name provided>' type=com.hailong.plantknow.MainActivityKt.AppContent.<no name provided> origin=null
                  $showSplash$delegate: GET_FIELD 'FIELD FIELD_FOR_CAPTURED_VALUE name:$showSplash$delegate type:androidx.compose.runtime.MutableState<kotlin.Boolean> visibility:public/*package*/ [final] declared in com.hailong.plantknow.MainActivityKt.AppContent.<no name provided>' type=androidx.compose.runtime.MutableState<kotlin.Boolean> origin=null
                    receiver: GET_VAR '<this>: com.hailong.plantknow.MainActivityKt.AppContent.<no name provided> declared in com.hailong.plantknow.MainActivityKt.AppContent.<no name provided>.create' type=com.hailong.plantknow.MainActivityKt.AppContent.<no name provided> origin=null
                  $splashAlpha: GET_FIELD 'FIELD FIELD_FOR_CAPTURED_VALUE name:$splashAlpha type:androidx.compose.animation.core.Animatable<kotlin.Float, androidx.compose.animation.core.AnimationVector1D> visibility:public/*package*/ [final] declared in com.hailong.plantknow.MainActivityKt.AppContent.<no name provided>' type=androidx.compose.animation.core.Animatable<kotlin.Float, androidx.compose.animation.core.AnimationVector1D> origin=null
                    receiver: GET_VAR '<this>: com.hailong.plantknow.MainActivityKt.AppContent.<no name provided> declared in com.hailong.plantknow.MainActivityKt.AppContent.<no name provided>.create' type=com.hailong.plantknow.MainActivityKt.AppContent.<no name provided> origin=null
                  $mainScreenAlpha: GET_FIELD 'FIELD FIELD_FOR_CAPTURED_VALUE name:$mainScreenAlpha type:androidx.compose.animation.core.Animatable<kotlin.Float, androidx.compose.animation.core.AnimationVector1D> visibility:public/*package*/ [final] declared in com.hailong.plantknow.MainActivityKt.AppContent.<no name provided>' type=androidx.compose.animation.core.Animatable<kotlin.Float, androidx.compose.animation.core.AnimationVector1D> origin=null
                    receiver: GET_VAR '<this>: com.hailong.plantknow.MainActivityKt.AppContent.<no name provided> declared in com.hailong.plantknow.MainActivityKt.AppContent.<no name provided>.create' type=com.hailong.plantknow.MainActivityKt.AppContent.<no name provided> origin=null
                  $completion: GET_VAR '$completion: kotlin.coroutines.Continuation<kotlin.Nothing> declared in com.hailong.plantknow.MainActivityKt.AppContent.<no name provided>.create' type=kotlin.coroutines.Continuation<kotlin.Nothing> origin=null
              SET_FIELD 'FIELD FIELD_FOR_CAPTURED_VALUE name:L$0 type:kotlin.Any? visibility:private declared in com.hailong.plantknow.MainActivityKt.AppContent.<no name provided>' type=kotlin.Unit origin=null
                receiver: GET_VAR 'val tmp0_result: com.hailong.plantknow.MainActivityKt.AppContent.<no name provided> [val] declared in com.hailong.plantknow.MainActivityKt.AppContent.<no name provided>.create' type=com.hailong.plantknow.MainActivityKt.AppContent.<no name provided> origin=null
                value: GET_VAR 'value: kotlin.Any? declared in com.hailong.plantknow.MainActivityKt.AppContent.<no name provided>.create' type=kotlin.Any? origin=null
              RETURN type=kotlin.Nothing from='public final fun create (value: kotlin.Any?, $completion: kotlin.coroutines.Continuation<kotlin.Nothing>): kotlin.coroutines.Continuation<kotlin.Unit> declared in com.hailong.plantknow.MainActivityKt.AppContent.<no name provided>'
                GET_VAR 'val tmp0_result: com.hailong.plantknow.MainActivityKt.AppContent.<no name provided> [val] declared in com.hailong.plantknow.MainActivityKt.AppContent.<no name provided>.create' type=com.hailong.plantknow.MainActivityKt.AppContent.<no name provided> origin=null
          FUN name:invoke visibility:public modality:FINAL <> ($this:com.hailong.plantknow.MainActivityKt.AppContent.<no name provided>, p1:kotlinx.coroutines.CoroutineScope, p2:kotlin.coroutines.Continuation<kotlin.Unit>?) returnType:kotlin.Any?
            overridden:
              public abstract fun invoke (p1: P1 of kotlin.jvm.functions.Function2, p2: P2 of kotlin.jvm.functions.Function2): R of kotlin.jvm.functions.Function2 declared in kotlin.jvm.functions.Function2
            $this: VALUE_PARAMETER INSTANCE_RECEIVER name:<this> type:com.hailong.plantknow.MainActivityKt.AppContent.<no name provided>
            VALUE_PARAMETER name:p1 index:0 type:kotlinx.coroutines.CoroutineScope
            VALUE_PARAMETER name:p2 index:1 type:kotlin.coroutines.Continuation<kotlin.Unit>?
            BLOCK_BODY
              RETURN type=kotlin.Nothing from='public final fun invoke (p1: kotlinx.coroutines.CoroutineScope, p2: kotlin.coroutines.Continuation<kotlin.Unit>?): kotlin.Any? declared in com.hailong.plantknow.MainActivityKt.AppContent.<no name provided>'
                CALL 'public final fun invokeSuspend ($result: kotlin.Result<kotlin.Any?>): kotlin.Any? declared in com.hailong.plantknow.MainActivityKt.AppContent.<no name provided>' type=kotlin.Any? origin=null
                  $this: TYPE_OP type=com.hailong.plantknow.MainActivityKt.AppContent.<no name provided> origin=IMPLICIT_CAST typeOperand=com.hailong.plantknow.MainActivityKt.AppContent.<no name provided>
                    CALL 'public final fun create (value: kotlin.Any?, $completion: kotlin.coroutines.Continuation<kotlin.Nothing>): kotlin.coroutines.Continuation<kotlin.Unit> declared in com.hailong.plantknow.MainActivityKt.AppContent.<no name provided>' type=kotlin.coroutines.Continuation<kotlin.Unit> origin=null
                      $this: GET_VAR '<this>: com.hailong.plantknow.MainActivityKt.AppContent.<no name provided> declared in com.hailong.plantknow.MainActivityKt.AppContent.<no name provided>.invoke' type=com.hailong.plantknow.MainActivityKt.AppContent.<no name provided> origin=null
                      value: GET_VAR 'p1: kotlinx.coroutines.CoroutineScope declared in com.hailong.plantknow.MainActivityKt.AppContent.<no name provided>.invoke' type=kotlinx.coroutines.CoroutineScope origin=null
                      $completion: GET_VAR 'p2: kotlin.coroutines.Continuation<kotlin.Unit>? declared in com.hailong.plantknow.MainActivityKt.AppContent.<no name provided>.invoke' type=kotlin.coroutines.Continuation<kotlin.Unit>? origin=null
                  $result: CALL 'public final fun <unsafe-coerce> <T, R> (v: T of kotlin.jvm.internal.<unsafe-coerce>): R of kotlin.jvm.internal.<unsafe-coerce> declared in kotlin.jvm.internal' type=kotlin.Result<kotlin.Any?> origin=null
                    <T>: kotlin.Any?
                    <R>: kotlin.Result<kotlin.Any?>
                    v: GET_FIELD 'FIELD FIELD_FOR_OBJECT_INSTANCE name:INSTANCE type:kotlin.Unit visibility:public [final,static] declared in kotlin.Unit' type=kotlin.Unit origin=null
          FIELD FIELD_FOR_CAPTURED_VALUE name:$showSplash$delegate type:androidx.compose.runtime.MutableState<kotlin.Boolean> visibility:public/*package*/ [final]
          FIELD FIELD_FOR_CAPTURED_VALUE name:$splashAlpha type:androidx.compose.animation.core.Animatable<kotlin.Float, androidx.compose.animation.core.AnimationVector1D> visibility:public/*package*/ [final]
          FIELD FIELD_FOR_CAPTURED_VALUE name:$mainScreenAlpha type:androidx.compose.animation.core.Animatable<kotlin.Float, androidx.compose.animation.core.AnimationVector1D> visibility:public/*package*/ [final]
          FUN BRIDGE name:invoke visibility:public modality:OPEN <> ($this:com.hailong.plantknow.MainActivityKt.AppContent.<no name provided>, p1:kotlin.Any?, p2:kotlin.Any?) returnType:kotlin.Any?
            $this: VALUE_PARAMETER INSTANCE_RECEIVER name:<this> type:com.hailong.plantknow.MainActivityKt.AppContent.<no name provided>
            VALUE_PARAMETER BRIDGE name:p1 index:0 type:kotlin.Any?
            VALUE_PARAMETER BRIDGE name:p2 index:1 type:kotlin.Any?
            EXPRESSION_BODY
              RETURN type=kotlin.Nothing from='public open fun invoke (p1: kotlin.Any?, p2: kotlin.Any?): kotlin.Any? declared in com.hailong.plantknow.MainActivityKt.AppContent.<no name provided>'
                CALL 'public final fun invoke (p1: kotlinx.coroutines.CoroutineScope, p2: kotlin.coroutines.Continuation<kotlin.Unit>?): kotlin.Any? declared in com.hailong.plantknow.MainActivityKt.AppContent.<no name provided>' type=kotlin.Any? origin=BRIDGE_DELEGATION
                  $this: GET_VAR '<this>: com.hailong.plantknow.MainActivityKt.AppContent.<no name provided> declared in com.hailong.plantknow.MainActivityKt.AppContent.<no name provided>.invoke' type=com.hailong.plantknow.MainActivityKt.AppContent.<no name provided> origin=null
                  p1: TYPE_OP type=kotlinx.coroutines.CoroutineScope origin=IMPLICIT_CAST typeOperand=kotlinx.coroutines.CoroutineScope
                    GET_VAR 'p1: kotlin.Any? declared in com.hailong.plantknow.MainActivityKt.AppContent.<no name provided>.invoke' type=kotlin.Any? origin=null
                  p2: TYPE_OP type=kotlin.coroutines.Continuation<*> origin=IMPLICIT_CAST typeOperand=kotlin.coroutines.Continuation<*>
                    GET_VAR 'p2: kotlin.Any? declared in com.hailong.plantknow.MainActivityKt.AppContent.<no name provided>.invoke' type=kotlin.Any? origin=null
        CONSTRUCTOR_CALL 'public/*package*/ constructor <init> ($showSplash$delegate: androidx.compose.runtime.MutableState<kotlin.Boolean>, $splashAlpha: androidx.compose.animation.core.Animatable<kotlin.Float, androidx.compose.animation.core.AnimationVector1D>, $mainScreenAlpha: androidx.compose.animation.core.Animatable<kotlin.Float, androidx.compose.animation.core.AnimationVector1D>, $completion: kotlin.coroutines.Continuation<com.hailong.plantknow.MainActivityKt.AppContent.<no name provided>>?) [primary] declared in com.hailong.plantknow.MainActivityKt.AppContent.<no name provided>' type=com.hailong.plantknow.MainActivityKt.AppContent.<no name provided> origin=null
          $showSplash$delegate: GET_VAR 'val showSplash$delegate: androidx.compose.runtime.MutableState<kotlin.Boolean> [val] declared in com.hailong.plantknow.MainActivityKt.AppContent' type=androidx.compose.runtime.MutableState<kotlin.Boolean> origin=null
          $splashAlpha: GET_VAR 'val splashAlpha: androidx.compose.animation.core.Animatable<kotlin.Float, androidx.compose.animation.core.AnimationVector1D> [val] declared in com.hailong.plantknow.MainActivityKt.AppContent' type=androidx.compose.animation.core.Animatable<kotlin.Float, androidx.compose.animation.core.AnimationVector1D> origin=null
          $mainScreenAlpha: GET_VAR 'val mainScreenAlpha: androidx.compose.animation.core.Animatable<kotlin.Float, androidx.compose.animation.core.AnimationVector1D> [val] declared in com.hailong.plantknow.MainActivityKt.AppContent' type=androidx.compose.animation.core.Animatable<kotlin.Float, androidx.compose.animation.core.AnimationVector1D> origin=null
          $completion: CONST Null type=kotlin.Nothing? value=null
    CALL 'public final fun Box$default (modifier: androidx.compose.ui.Modifier?, contentAlignment: androidx.compose.ui.Alignment?, propagateMinConstraints: kotlin.Boolean, content: @[Composable] @[ExtensionFunctionType] kotlin.Function1<androidx.compose.foundation.layout.BoxScope, kotlin.Unit>, $mask0: kotlin.Int, $handler: kotlin.Any?): kotlin.Unit [inline] declared in androidx.compose.foundation.layout.BoxKt' type=kotlin.Unit origin=DEFAULT_DISPATCH_CALL
      modifier: CALL 'public final fun background-bw27NRU$default (color: androidx.compose.ui.graphics.Color, shape: androidx.compose.ui.graphics.Shape?, $mask0: kotlin.Int, $handler: kotlin.Any?): androidx.compose.ui.Modifier declared in androidx.compose.foundation.BackgroundKt' type=androidx.compose.ui.Modifier origin=DEFAULT_DISPATCH_CALL
        $receiver: CALL 'public final fun fillMaxSize$default (fraction: kotlin.Float, $mask0: kotlin.Int, $handler: kotlin.Any?): androidx.compose.ui.Modifier declared in androidx.compose.foundation.layout.SizeKt' type=androidx.compose.ui.Modifier origin=DEFAULT_DISPATCH_CALL
          $receiver: GET_FIELD 'FIELD FIELD_FOR_OBJECT_INSTANCE name:Companion type:androidx.compose.ui.Modifier.Companion visibility:public [final,static] declared in androidx.compose.ui.Modifier' type=androidx.compose.ui.Modifier.Companion origin=null
          fraction: COMPOSITE type=kotlin.Float origin=DEFAULT_VALUE
            CONST Float type=kotlin.Float value=0.0
          $mask0: CONST Int type=kotlin.Int value=1
          $handler: CONST Null type=kotlin.Any? value=null
        color: GET_VAR 'val backgroundColor: androidx.compose.ui.graphics.Color [val] declared in com.hailong.plantknow.MainActivityKt.AppContent' type=androidx.compose.ui.graphics.Color origin=null
        shape: COMPOSITE type=androidx.compose.ui.graphics.Shape? origin=DEFAULT_VALUE
          CONST Null type=androidx.compose.ui.graphics.Shape? value=null
        $mask0: CONST Int type=kotlin.Int value=2
        $handler: CONST Null type=kotlin.Any? value=null
      contentAlignment: COMPOSITE type=androidx.compose.ui.Alignment? origin=DEFAULT_VALUE
        CONST Null type=androidx.compose.ui.Alignment? value=null
      propagateMinConstraints: COMPOSITE type=kotlin.Boolean origin=DEFAULT_VALUE
        CONST Boolean type=kotlin.Boolean value=false
      content: BLOCK type=@[ExtensionFunctionType] kotlin.Function1<androidx.compose.foundation.layout.BoxScope, kotlin.Unit> origin=LAMBDA
        COMPOSITE type=kotlin.Unit origin=null
        FUNCTION_REFERENCE 'private final fun AppContent$lambda$11 ($mainScreenAlpha: androidx.compose.animation.core.Animatable<kotlin.Float, androidx.compose.animation.core.AnimationVector1D>, $backgroundColor: androidx.compose.ui.graphics.Color, $splashAlpha: androidx.compose.animation.core.Animatable<kotlin.Float, androidx.compose.animation.core.AnimationVector1D>, $isMainScreenReady$delegate: androidx.compose.runtime.MutableState<kotlin.Boolean>, $showSplash$delegate: androidx.compose.runtime.MutableState<kotlin.Boolean>): kotlin.Unit declared in com.hailong.plantknow.MainActivityKt' type=@[ExtensionFunctionType] kotlin.Function1<androidx.compose.foundation.layout.BoxScope, kotlin.Unit> origin=INLINE_LAMBDA reflectionTarget=null
          $mainScreenAlpha: GET_VAR 'val mainScreenAlpha: androidx.compose.animation.core.Animatable<kotlin.Float, androidx.compose.animation.core.AnimationVector1D> [val] declared in com.hailong.plantknow.MainActivityKt.AppContent' type=androidx.compose.animation.core.Animatable<kotlin.Float, androidx.compose.animation.core.AnimationVector1D> origin=null
          $backgroundColor: GET_VAR 'val backgroundColor: androidx.compose.ui.graphics.Color [val] declared in com.hailong.plantknow.MainActivityKt.AppContent' type=androidx.compose.ui.graphics.Color origin=null
          $splashAlpha: GET_VAR 'val splashAlpha: androidx.compose.animation.core.Animatable<kotlin.Float, androidx.compose.animation.core.AnimationVector1D> [val] declared in com.hailong.plantknow.MainActivityKt.AppContent' type=androidx.compose.animation.core.Animatable<kotlin.Float, androidx.compose.animation.core.AnimationVector1D> origin=null
          $isMainScreenReady$delegate: GET_VAR 'val isMainScreenReady$delegate: androidx.compose.runtime.MutableState<kotlin.Boolean> [val] declared in com.hailong.plantknow.MainActivityKt.AppContent' type=androidx.compose.runtime.MutableState<kotlin.Boolean> origin=null
          $showSplash$delegate: GET_VAR 'val showSplash$delegate: androidx.compose.runtime.MutableState<kotlin.Boolean> [val] declared in com.hailong.plantknow.MainActivityKt.AppContent' type=androidx.compose.runtime.MutableState<kotlin.Boolean> origin=null
      $mask0: CONST Int type=kotlin.Int value=6
      $handler: CONST Null type=kotlin.Any? value=null

	at org.jetbrains.kotlin.backend.jvm.codegen.FunctionCodegen.generate(FunctionCodegen.kt:47)
	at org.jetbrains.kotlin.backend.jvm.codegen.FunctionCodegen.generate$default(FunctionCodegen.kt:40)
	at org.jetbrains.kotlin.backend.jvm.codegen.ClassCodegen.generateMethodNode(ClassCodegen.kt:406)
	at org.jetbrains.kotlin.backend.jvm.codegen.ClassCodegen.generateMethod(ClassCodegen.kt:423)
	at org.jetbrains.kotlin.backend.jvm.codegen.ClassCodegen.generate(ClassCodegen.kt:168)
	at org.jetbrains.kotlin.backend.jvm.FileCodegen.lower(JvmPhases.kt:39)
	at org.jetbrains.kotlin.backend.common.phaser.PhaseFactoriesKt.createFilePhase$lambda$4(PhaseFactories.kt:71)
	at org.jetbrains.kotlin.backend.common.phaser.PhaseBuildersKt$createSimpleNamedCompilerPhase$1.phaseBody(PhaseBuilders.kt:69)
	at org.jetbrains.kotlin.backend.common.phaser.SimpleNamedCompilerPhase.phaseBody(CompilerPhase.kt:226)
	at org.jetbrains.kotlin.backend.common.phaser.AbstractNamedCompilerPhase.invoke(CompilerPhase.kt:113)
	at org.jetbrains.kotlin.backend.common.phaser.PerformByIrFilePhase.invokeSequential(performByIrFile.kt:62)
	... 46 more
Caused by: org.jetbrains.kotlin.codegen.CompilationException: Back-end (JVM) Internal error: Couldn't inline method call: CALL 'public final fun remember <T> (calculation: @[DisallowComposableCalls] kotlin.Function0<T of androidx.compose.runtime.ComposablesKt.remember>): T of androidx.compose.runtime.ComposablesKt.remember [inline] declared in androidx.compose.runtime.ComposablesKt' type=androidx.compose.runtime.MutableState<kotlin.Boolean> origin=null
Method: null
File is unknown
The root cause java.lang.IllegalStateException was thrown at: org.jetbrains.kotlin.codegen.inline.SourceCompilerForInlineKt.getMethodNode(SourceCompilerForInline.kt:118)
	at org.jetbrains.kotlin.codegen.inline.InlineCodegen.performInline(InlineCodegen.kt:65)
	at org.jetbrains.kotlin.backend.jvm.codegen.IrInlineCodegen.genInlineCall(IrInlineCodegen.kt:163)
	at org.jetbrains.kotlin.backend.jvm.codegen.IrInlineCallGenerator.genCall(IrInlineCallGenerator.kt:36)
	at org.jetbrains.kotlin.backend.jvm.codegen.ExpressionCodegen.visitCall(ExpressionCodegen.kt:653)
	at org.jetbrains.kotlin.backend.jvm.codegen.ExpressionCodegen.visitCall(ExpressionCodegen.kt:138)
	at org.jetbrains.kotlin.ir.expressions.IrCall.accept(IrCall.kt:24)
	at org.jetbrains.kotlin.backend.jvm.codegen.ExpressionCodegen.visitVariable(ExpressionCodegen.kt:790)
	at org.jetbrains.kotlin.backend.jvm.codegen.ExpressionCodegen.visitVariable(ExpressionCodegen.kt:138)
	at org.jetbrains.kotlin.ir.declarations.IrVariable.accept(IrVariable.kt:36)
	at org.jetbrains.kotlin.backend.jvm.codegen.ExpressionCodegen.visitStatementContainer(ExpressionCodegen.kt:579)
	at org.jetbrains.kotlin.backend.jvm.codegen.ExpressionCodegen.visitBlockBody(ExpressionCodegen.kt:584)
	at org.jetbrains.kotlin.backend.jvm.codegen.ExpressionCodegen.visitBlockBody(ExpressionCodegen.kt:138)
	at org.jetbrains.kotlin.ir.expressions.IrBlockBody.accept(IrBlockBody.kt:20)
	at org.jetbrains.kotlin.backend.jvm.codegen.ExpressionCodegen.generate(ExpressionCodegen.kt:240)
	at org.jetbrains.kotlin.backend.jvm.codegen.FunctionCodegen.doGenerate(FunctionCodegen.kt:123)
	at org.jetbrains.kotlin.backend.jvm.codegen.FunctionCodegen.generate(FunctionCodegen.kt:44)
	... 56 more
Caused by: java.lang.IllegalStateException: couldn't find inline method Landroidx/compose/runtime/ComposablesKt;.remember(Lkotlin/jvm/functions/Function0;)Ljava/lang/Object;
	at org.jetbrains.kotlin.codegen.inline.SourceCompilerForInlineKt.getMethodNode(SourceCompilerForInline.kt:118)
	at org.jetbrains.kotlin.codegen.inline.SourceCompilerForInlineKt.loadCompiledInlineFunction(SourceCompilerForInline.kt:96)
	at org.jetbrains.kotlin.backend.jvm.codegen.IrSourceCompilerForInline.compileInlineFunction(IrSourceCompilerForInline.kt:91)
	at org.jetbrains.kotlin.codegen.inline.InlineCodegen.compileInline(InlineCodegen.kt:43)
	at org.jetbrains.kotlin.codegen.inline.InlineCodegen.performInline(InlineCodegen.kt:51)
	... 71 more


